
============================================================
Processing conversation: conv-26 (Caroline & Melanie)
============================================================
Already ingested. Profiles: 2, Episodes: 2
  [1/199] ✅ (temporal) [B] When did Caroline go to the LGBTQ support group?
  [2/199] ✅ (temporal) [B] When did Melanie paint a sunrise?
  [3/199] ✅ (open-domain) [A] What fields would Caroline be likely to pursue in her educaton?
  [4/199] ✅ (single-hop) [B] What did Caroline research?
  [5/199] ❌ (single-hop) [B] What is Caroline's identity?
  [6/199] ✅ (temporal) [B] When did Melanie run a charity race?
  [7/199] ✅ (temporal) [B] When is Melanie planning on going camping?
  [8/199] ❌ (single-hop) [C] What is Caroline's relationship status?
  [9/199] ❌ (temporal) [D] When did Caroline give a speech at a school?
  [10/199] ❌ (temporal) [multihop→C] When did Caroline meet up with her friends, family, and mentors?
  [11/199] ❌ (temporal) [D] How long has Caroline had her current group of friends for?
  [12/199] ❌ (single-hop) [D] Where did Caroline move from 4 years ago?
  [13/199] ❌ (temporal) [C] How long ago was Caroline's 18th birthday?
  [14/199] ✅ (single-hop) [B] What career path has Caroline decided to persue?
  [15/199] ✅ (open-domain) [multihop(A,B,C,C,C)] Would Caroline still want to pursue counseling as a career if she hadn't receive
  [16/199] ❌ (single-hop) [B] What activities does Melanie partake in?
  [17/199] ❌ (temporal) [D] When did Melanie sign up for a pottery class?
  [18/199] ❌ (temporal) [D] When is Caroline going to the transgender conference?
  [19/199] ❌ (single-hop) [D] Where has Melanie camped?
  [20/199] ❌ (single-hop) [B] What do Melanie's kids like?
  [21/199] ❌ (temporal) [D] When did Melanie go to the museum?
  [22/199] ✅ (temporal) [D] When did Caroline have a picnic?
  [23/199] ❌ (open-domain) [D] Would Caroline likely have Dr. Seuss books on her bookshelf?
  [24/199] ❌ (single-hop) [C] What books has Melanie read?
  [25/199] ❌ (single-hop) [B] What does Melanie do to destress?
  [26/199] ❌ (temporal) [B] When did Caroline go to the LGBTQ conference?
  [27/199] ❌ (temporal) [D] When did Melanie read the book "nothing is impossible"?
  [28/199] ✅ (open-domain) [C] Would Caroline pursue writing as a career option?
  [29/199] ❌ (temporal) [C] When did Caroline go to the adoption meeting?
  [30/199] ❌ (temporal) [D] When did Melanie go to the pottery workshop?
  [31/199] ✅ (open-domain) [D] Would Melanie be considered a member of the LGBTQ community?
  [32/199] ❌ (temporal) [C] When did Melanie go camping in June?
  [33/199] ❌ (single-hop) [B] What LGBTQ+ events has Caroline participated in?
  [34/199] ❌ (temporal) [D] When did Caroline go to a pride parade during the summer?
  [35/199] ❌ (single-hop) [multihop(C,A,C)] What events has Caroline participated in to help children?
  [36/199] ❌ (temporal) [C] When did Melanie go camping in July?
  [37/199] ❌ (temporal) [D] When did Caroline join a mentorship program?
  [38/199] ❌ (single-hop) [B] What did Melanie paint recently?
  [39/199] ❌ (single-hop) [multihop(A,B,B,A)] What activities has Melanie done with her family?
  [40/199] ❌ (single-hop) [multihop(A,A,C)] In what ways is Caroline participating in the LGBTQ community?
  [41/199] ❌ (single-hop) [C] How many times has Melanie gone to the beach in 2023?
  [42/199] ❌ (temporal) [C] When did Caroline join a new activist group?
  [43/199] ✅ (open-domain) [B] Would Melanie be more interested in going to a national park or a theme park?
  [44/199] ❌ (single-hop) [C] What kind of art does Caroline make?
  [45/199] ❌ (temporal) [D] When is Melanie's daughter's birthday?
  [46/199] ❌ (temporal) [D] When did Caroline attend a pride parade in August?
  [47/199] ✅ (open-domain) [A] Would Melanie be considered an ally to the transgender community?
  [48/199] ❌ (single-hop) [B] Who supports Caroline when she has a negative experience?
  [49/199] ❌ (single-hop) [C] What types of pottery have Melanie and her kids made?
  [50/199] ❌ (temporal) [D] When did Caroline and Melanie go to a pride fesetival together?
  [51/199] ✅ (open-domain) [multihop(C,D,A,B,C,A)] What would Caroline's political leaning likely be?
  [52/199] ❌ (single-hop) [B] What has Melanie painted?
  [53/199] ❌ (single-hop) [C] What are Melanie's pets' names?
  [54/199] ❌ (temporal) [C] When did Caroline apply to adoption agencies?
  [55/199] ❌ (temporal) [D] When did Caroline draw a self-portrait?
  [56/199] ❌ (single-hop) [multihop(A,B,C,A,C)] What subject have Caroline and Melanie both painted?
  [57/199] ❌ (single-hop) [C] What symbols are important to Caroline?
  [58/199] ❌ (temporal) [D] When did Caroline encounter people on a hike and have a negative experience?
  [59/199] ✅ (temporal) [D] When did Melanie make a plate in pottery class?
  [60/199] ❌ (open-domain) [C] Would Caroline be considered religious?
  [61/199] ❌ (single-hop) [B] What instruments does Melanie play?
  [62/199] ❌ (single-hop) [C] What musical artists/bands has Melanie seen?
  [63/199] ✅ (temporal) [D] When did Melanie go to the park?
  [64/199] ❌ (temporal) [D] When is Caroline's youth center putting on a talent show?
  [65/199] ✅ (open-domain) [C] Would Melanie likely enjoy the song "The Four Seasons" by Vivaldi?
  [66/199] ❌ (single-hop) [B] What are some changes Caroline has faced during her transition journey?
  [67/199] ❌ (single-hop) [D] What does Melanie do with her family on hikes?
  [68/199] ❌ (temporal) [D] When did Caroline go biking with friends?
  [69/199] ❌ (temporal) [B] How long has Melanie been practicing art?
  [70/199] ❌ (open-domain) [multihop(C,C,A)] What personality traits might Melanie say Caroline has?
  [71/199] ❌ (single-hop) [B] What transgender-specific events has Caroline attended?
  [72/199] ❌ (single-hop) [multihop(A,B,C,A,B,C,C)] What book did Melanie read from Caroline's suggestion?
  [73/199] ❌ (temporal) [C] When did Melanie's friend adopt a child?
  [74/199] ❌ (temporal) [D] When did Melanie get hurt?
  [75/199] ❌ (temporal) [C] When did Melanie's family go on a roadtrip?
  [76/199] ❌ (single-hop) [C] How many children does Melanie have?
  [77/199] ✅ (single-hop) [D] When did Melanie go on a hike after the roadtrip?
  [78/199] ✅ (open-domain) [D] Would Melanie go on another roadtrip soon?
  [79/199] ❌ (single-hop) [C] What items has Melanie bought?
  [80/199] ❌ (temporal) [D] When did Caroline pass the adoption interview?
  [81/199] ❌ (temporal) [D] When did Melanie buy the figurines?
  [82/199] ❌ (open-domain) [D] Would Caroline want to move back to her home country soon?
  [83/199] ✅ (multi-hop) [temporal_A] What did the charity race raise awareness for?
  [84/199] ✅ (multi-hop) [temporal_A] What did Melanie realize after the charity race?
  [85/199] ✅ (multi-hop) [temporal_A] How does Melanie prioritize self-care?
  [86/199] ✅ (multi-hop) [temporal_A] What are Caroline's plans for the summer?
  [87/199] ✅ (multi-hop) [temporal_A] What type of individuals does the adoption agency Caroline is considering suppor
  [88/199] ✅ (multi-hop) [temporal_C] Why did Caroline choose the adoption agency?
  [89/199] ✅ (multi-hop) [temporal_A] What is Caroline excited about in the adoption process?
  [90/199] ✅ (multi-hop) [temporal_A] What does Melanie think about Caroline's decision to adopt?
  [91/199] ❌ (multi-hop) [temporal_B] How long have Mel and her husband been married?
  [92/199] ❌ (multi-hop) [temporal_A] What does Caroline's necklace symbolize?
  [93/199] ❌ (multi-hop) [temporal_A] What country is Caroline's grandma from?
  [94/199] ❌ (multi-hop) [temporal_A] What was grandma's gift to Caroline?
  [95/199] ❌ (multi-hop) [temporal_A] What is Melanie's hand-painted bowl a reminder of?
  [96/199] ❌ (multi-hop) [temporal_A] What did Melanie and her family do while camping?
  [97/199] ✅ (multi-hop) [temporal_A] What kind of counseling and mental health services is Caroline interested in pur
  [98/199] ❌ (multi-hop) [temporal_B] What workshop did Caroline attend recently?
  [99/199] ❌ (multi-hop) [temporal_B] What was discussed in the LGBTQ+ counseling workshop?
  [100/199] ✅ (multi-hop) [temporal_A] What motivated Caroline to pursue counseling?
  [101/199] ❌ (multi-hop) [temporal_A] What kind of place does Caroline want to create for people?
  [102/199] ❌ (multi-hop) [temporal_A] Did Melanie make the black and white bowl in the photo?
  [103/199] ❌ (multi-hop) [temporal_A] What kind of books does Caroline have in her library?
  [104/199] ❌ (multi-hop) [temporal_A] What was Melanie's favorite book from her childhood?
  [105/199] ❌ (multi-hop) [temporal_C] What book did Caroline recommend to Melanie?
  [106/199] ❌ (multi-hop) [temporal_A] What did Caroline take away from the book "Becoming Nicole"?
  [107/199] ✅ (multi-hop) [temporal_A] What are the new shoes that Melanie got used for?
  [108/199] ❌ (multi-hop) [temporal_A] What is Melanie's reason for getting into running?
  [109/199] ❌ (multi-hop) [temporal_A] What does Melanie say running has been great for?
  [110/199] ❌ (multi-hop) [temporal_A] What did Mel and her kids make during the pottery workshop?
  [111/199] ❌ (multi-hop) [temporal_A] What kind of pot did Mel and her kids make with clay?
  [112/199] ❌ (multi-hop) [temporal_A] What creative project do Mel and her kids do together besides pottery?
  [113/199] ❌ (multi-hop) [temporal_B] What did Mel and her kids paint in their latest project in July 2023?
  [114/199] ❌ (multi-hop) [temporal_A] What did Caroline see at the council meeting for adoption?
  [115/199] ❌ (multi-hop) [temporal_A] What do sunflowers represent according to Caroline?
  [116/199] ❌ (multi-hop) [temporal_C] Why are flowers important to Melanie?
  [117/199] ❌ (multi-hop) [temporal_A] What inspired Caroline's painting for the art show?
  [118/199] ❌ (multi-hop) [temporal_A] How often does Melanie go to the beach with her kids?
  [119/199] ❌ (multi-hop) [temporal_B] What did Melanie and her family see during their camping trip last year?
  [120/199] ❌ (multi-hop) [temporal_A] How did Melanie feel while watching the meteor shower?
  [121/199] ❌ (multi-hop) [temporal_B] Whose birthday did Melanie celebrate recently?
  [122/199] ❌ (multi-hop) [temporal_C] Who performed at the concert at Melanie's daughter's birthday?
  [123/199] ❌ (multi-hop) [temporal_C] Why did Melanie choose to use colors and patterns in her pottery project?
  [124/199] ❌ (multi-hop) [temporal_A] What pet does Caroline have?
  [125/199] ❌ (multi-hop) [temporal_A] What pets does Melanie have?
  [126/199] ❌ (multi-hop) [temporal_A] Where did Oliver hide his bone once?
  [127/199] ❌ (multi-hop) [temporal_A] What activity did Caroline used to do with her dad?
  [128/199] ❌ (multi-hop) [temporal_A] What did Caroline make for a local church?
  [129/199] ❌ (multi-hop) [temporal_A] What did Caroline find in her neighborhood during her walk?
  [130/199] ❌ (multi-hop) [temporal_A] Which song motivates Caroline to be courageous?
  [131/199] ❌ (multi-hop) [temporal_A] Which  classical musicians does Melanie enjoy listening to?
  [132/199] ❌ (multi-hop) [temporal_A] Who is Melanie a fan of in terms of modern music?
  [133/199] ❌ (multi-hop) [temporal_B] How long has Melanie been creating art?
  [134/199] ❌ (multi-hop) [temporal_A] What precautionary sign did Melanie see at the café?
  [135/199] ❌ (multi-hop) [temporal_A] What advice does Caroline give for getting started with adoption?
  [136/199] ❌ (multi-hop) [temporal_B] What setback did Melanie face in October 2023?
  [137/199] ❌ (multi-hop) [temporal_A] What does Melanie do to keep herself busy during her pottery break?
  [138/199] ❌ (multi-hop) [temporal_B] What painting did Melanie show to Caroline on October 13, 2023?
  [139/199] ❌ (multi-hop) [temporal_B] What kind of painting did Caroline share with Melanie on October 13, 2023?
  [140/199] ❌ (multi-hop) [temporal_A] What was the poetry reading that Caroline attended about?
  [141/199] ❌ (multi-hop) [temporal_A] What did the posters at the poetry reading say?
  [142/199] ❌ (multi-hop) [temporal_A] What does Caroline's drawing symbolize for her?
  [143/199] ❌ (multi-hop) [temporal_C] How do Melanie and Caroline describe their journey through life together?
  [144/199] ❌ (multi-hop) [temporal_B] What happened to Melanie's son on their road trip?
  [145/199] ❌ (multi-hop) [temporal_A] How did Melanie's son handle the accident?
  [146/199] ❌ (multi-hop) [temporal_C] How did Melanie feel about her family after the accident?
  [147/199] ❌ (multi-hop) [temporal_C] How did Melanie's children handle the accident?
  [148/199] ❌ (multi-hop) [temporal_A] How did Melanie feel after the accident?
  [149/199] ❌ (multi-hop) [temporal_A] What was Melanie's reaction to her children enjoying the Grand Canyon?
  [150/199] ✅ (multi-hop) [temporal_A] What do Melanie's family give her?
  [151/199] ❌ (multi-hop) [temporal_A] How did Melanie feel about her family supporting her?
  [152/199] ❌ (multi-hop) [temporal_C] What did Melanie do after the road trip to relax?
  [153/199] ✅ (adversarial) [adversarial_masked] What did Caroline realize after her charity race?
  [154/199] ✅ (adversarial) [adversarial_masked] What are Melanie's plans for the summer with respect to adoption?
  [155/199] ✅ (adversarial) [adversarial_masked] What type of individuals does the adoption agency Melanie is considering support
  [156/199] ✅ (adversarial) [adversarial_masked] Why did Melanie choose the adoption agency?
  [157/199] ✅ (adversarial) [adversarial_masked] What is Melanie excited about in her adoption process?
  [158/199] ❌ (adversarial) [adversarial_masked] What does Melanie's necklace symbolize?
  [159/199] ❌ (adversarial) [adversarial_masked] What country is Melanie's grandma from?
  [160/199] ❌ (adversarial) [adversarial_masked] What was grandma's gift to Melanie?
  [161/199] ❌ (adversarial) [adversarial_masked] What was grandpa's gift to Caroline?
  [162/199] ❌ (adversarial) [adversarial_masked] What is Caroline's hand-painted bowl a reminder of?
  [163/199] ❌ (adversarial) [adversarial_masked] What did Caroline and her family do while camping?
  [164/199] ✅ (adversarial) [adversarial_masked] What kind of counseling and mental health services is Melanie interested in purs
  [165/199] ❌ (adversarial) [adversarial_masked] What kind of counseling workshop did Melanie attend recently?
  [166/199] ✅ (adversarial) [adversarial_masked] What motivated Melanie to pursue counseling?
  [167/199] ❌ (adversarial) [adversarial_masked] What kind of place does Melanie want to create for people?
  [168/199] ❌ (adversarial) [adversarial_masked] Did Caroline make the black and white bowl in the photo?
  [169/199] ✅ (adversarial) [adversarial_masked] What are the new shoes that Caroline got used for?
  [170/199] ✅ (adversarial) [adversarial_masked] What is Caroline's reason for getting into running?
  [171/199] ✅ (adversarial) [adversarial_masked] What does Caroline say running has been great for?
  [172/199] ❌ (adversarial) [adversarial_masked] What did Melanie see at the council meeting for adoption?
  [173/199] ❌ (adversarial) [adversarial_masked] What inspired Melanie's painting for the art show?
  [174/199] ❌ (adversarial) [adversarial_masked] What inspired Caroline's sculpture for the art show?
  [175/199] ❌ (adversarial) [adversarial_masked] How often does Caroline go to the beach with her kids?
  [176/199] ❌ (adversarial) [adversarial_masked] What did Caroline and her family see during their camping trip last year?
  [177/199] ❌ (adversarial) [adversarial_masked] How did Caroline feel while watching the meteor shower?
  [178/199] ❌ (adversarial) [adversarial_masked] Why did Caroline choose to use colors and patterns in her pottery project?
  [179/199] ❌ (adversarial) [adversarial_masked] Is Oscar Melanie's pet?
  [180/199] ❌ (adversarial) [adversarial_masked] Where did Oscar hide his bone once?
  [181/199] ❌ (adversarial) [adversarial_masked] What activity did Melanie used to do with her dad?
  [182/199] ❌ (adversarial) [adversarial_masked] What did Melanie make for a local church?
  [183/199] ❌ (adversarial) [adversarial_masked] What did Melanie find in her neighborhood during her walk?
  [184/199] ❌ (adversarial) [adversarial_masked] Which song motivates Melanie to be courageous?
  [185/199] ❌ (adversarial) [adversarial_masked] What type of instrument does Caroline play?
  [186/199] ❌ (adversarial) [adversarial_masked] Which classical musicians does Caroline enjoy listening to?
  [187/199] ❌ (adversarial) [adversarial_masked] Who is Caroline a fan of in terms of modern music?
  [188/199] ❌ (adversarial) [adversarial_masked] What precautionary sign did Caroline see at the café?
  [189/199] ❌ (adversarial) [adversarial_masked] What setback did Caroline face recently?
  [190/199] ❌ (adversarial) [adversarial_masked] What does Caroline do to keep herself busy during her pottery break?
  [191/199] ❌ (adversarial) [adversarial_masked] What was the poetry reading that Melanie attended about?
  [192/199] ❌ (adversarial) [adversarial_masked] What happened to Caroline's son on their road trip?
  [193/199] ❌ (adversarial) [adversarial_masked] How did Caroline's son handle the accident?
  [194/199] ❌ (adversarial) [adversarial_masked] How did Caroline feel about her family after the accident?
  [195/199] ❌ (adversarial) [adversarial_masked] How did Caroline's children handle the accident?
  [196/199] ❌ (adversarial) [adversarial_masked] How did Caroline feel after the accident?
  [197/199] ❌ (adversarial) [adversarial_masked] What was Caroline's reaction to her children enjoying the Grand Canyon?
  [198/199] ❌ (adversarial) [adversarial_masked] What did Caroline do after the road trip to relax?
  [199/199] ✅ (adversarial) [adversarial_masked] What does Caroline love most about camping with her family?

============================================================
Processing conversation: conv-30 (Jon & Gina)
============================================================
Ingesting 19 sessions...
  Ingesting session_1 (4:04 pm on 20 January, 2023)...
  Ingesting session_2 (2:32 pm on 29 January, 2023)...
  Ingesting session_3 (12:48 am on 1 February, 2023)...
  Ingesting session_4 (10:43 am on 4 February, 2023)...
  Ingesting session_5 (9:32 am on 8 February, 2023)...
  Ingesting session_6 (2:35 pm on 16 March, 2023)...
  Ingesting session_7 (7:28 pm on 23 March, 2023)...
