Loaded 1 conversations
Total scored questions: 152

============================================================
Conversation 1/1: conv-26
============================================================
  Added session_1 (1:56 pm on 8 May, 2023): 1748 chars
  Added session_2 (1:14 pm on 25 May, 2023): 2664 chars
  Added session_3 (7:55 pm on 9 June, 2023): 4563 chars
  Added session_4 (10:37 am on 27 June, 2023): 3153 chars
  Added session_5 (1:36 pm on 3 July, 2023): 2222 chars
  Added session_6 (8:18 pm on 6 July, 2023): 2365 chars
  Added session_7 (4:33 pm on 12 July, 2023): 3890 chars
  Added session_8 (1:51 pm on 15 July, 2023): 4844 chars
  Added session_9 (2:31 pm on 17 July, 2023): 2210 chars
  Added session_10 (8:56 pm on 20 July, 2023): 3689 chars
  Added session_11 (2:24 pm on 14 August, 2023): 2874 chars
  Added session_12 (1:50 pm on 17 August, 2023): 2933 chars
  Added session_13 (3:31 pm on 23 August, 2023): 2675 chars
  Added session_14 (1:33 pm on 25 August, 2023): 5002 chars
  Added session_15 (3:19 pm on 28 August, 2023): 3906 chars
  Added session_16 (12:09 am on 13 September, 2023): 3797 chars
  Added session_17 (10:31 am on 13 October, 2023): 4070 chars
  Added session_18 (6:55 pm on 20 October, 2023): 2951 chars
  Added session_19 (9:55 am on 22 October, 2023): 2516 chars
  Answering 152 questions...
  [1/152] ❌ (temporal) When did Caroline go to the LGBTQ support group?...
  [2/152] ✅ (temporal) When did Melanie paint a sunrise?...
  [3/152] ❌ (open_domain) What fields would Caroline be likely to pursue in her educat...
  [4/152] ✅ (multi_hop) What did Caroline research?...
  [5/152] ❌ (multi_hop) What is Caroline's identity?...
  [6/152] ❌ (temporal) When did Melanie run a charity race?...
  [7/152] ❌ (temporal) When is Melanie planning on going camping?...
  [8/152] ❌ (multi_hop) What is Caroline's relationship status?...
  [9/152] ❌ (temporal) When did Caroline give a speech at a school?...
  [10/152] ❌ (temporal) When did Caroline meet up with her friends, family, and ment...
  [11/152] ✅ (temporal) How long has Caroline had her current group of friends for?...
  [12/152] ✅ (multi_hop) Where did Caroline move from 4 years ago?...
  [13/152] ✅ (temporal) How long ago was Caroline's 18th birthday?...
  [14/152] ❌ (multi_hop) What career path has Caroline decided to persue?...
  [15/152] ❌ (open_domain) Would Caroline still want to pursue counseling as a career i...
  [16/152] ❌ (multi_hop) What activities does Melanie partake in?...
  [17/152] ❌ (temporal) When did Melanie sign up for a pottery class?...
  [18/152] ❌ (temporal) When is Caroline going to the transgender conference?...
  [19/152] ✅ (multi_hop) Where has Melanie camped?...
  [20/152] ✅ (multi_hop) What do Melanie's kids like?...
  [21/152] ❌ (temporal) When did Melanie go to the museum?...
  [22/152] ❌ (temporal) When did Caroline have a picnic?...
  [23/152] ❌ (open_domain) Would Caroline likely have Dr. Seuss books on her bookshelf?...
  [24/152] ❌ (multi_hop) What books has Melanie read?...
  [25/152] ❌ (multi_hop) What does Melanie do to destress?...
  [26/152] ✅ (temporal) When did Caroline go to the LGBTQ conference?...
  [27/152] ❌ (temporal) When did Melanie read the book "nothing is impossible"?...
  [28/152] ❌ (open_domain) Would Caroline pursue writing as a career option?...
  [29/152] ❌ (temporal) When did Caroline go to the adoption meeting?...
  [30/152] ❌ (temporal) When did Melanie go to the pottery workshop?...
  [31/152] ❌ (open_domain) Would Melanie be considered a member of the LGBTQ community?...
  [32/152] ❌ (temporal) When did Melanie go camping in June?...
  [33/152] ❌ (multi_hop) What LGBTQ+ events has Caroline participated in?...
  [34/152] ❌ (temporal) When did Caroline go to a pride parade during the summer?...
  [35/152] ❌ (multi_hop) What events has Caroline participated in to help children?...
  [36/152] ❌ (temporal) When did Melanie go camping in July?...
  [37/152] ❌ (temporal) When did Caroline join a mentorship program?...
  [38/152] ✅ (multi_hop) What did Melanie paint recently?...
  [39/152] ❌ (multi_hop) What activities has Melanie done with her family?...
  [40/152] ❌ (multi_hop) In what ways is Caroline participating in the LGBTQ communit...
  [41/152] ❌ (multi_hop) How many times has Melanie gone to the beach in 2023?...
  [42/152] ❌ (temporal) When did Caroline join a new activist group?...
  [43/152] ✅ (open_domain) Would Melanie be more interested in going to a national park...
  [44/152] ❌ (multi_hop) What kind of art does Caroline make?...
  [45/152] ❌ (temporal) When is Melanie's daughter's birthday?...
  [46/152] ❌ (temporal) When did Caroline attend a pride parade in August?...
  [47/152] ✅ (open_domain) Would Melanie be considered an ally to the transgender commu...
  [48/152] ❌ (multi_hop) Who supports Caroline when she has a negative experience?...
  [49/152] ❌ (multi_hop) What types of pottery have Melanie and her kids made?...
  [50/152] ❌ (temporal) When did Caroline and Melanie go to a pride fesetival togeth...
  [51/152] ✅ (open_domain) What would Caroline's political leaning likely be?...
  [52/152] ✅ (multi_hop) What has Melanie painted?...
  [53/152] ❌ (multi_hop) What are Melanie's pets' names?...
  [54/152] ❌ (temporal) When did Caroline apply to adoption agencies?...
  [55/152] ❌ (temporal) When did Caroline draw a self-portrait?...
  [56/152] ❌ (multi_hop) What subject have Caroline and Melanie both painted?...
  [57/152] ❌ (multi_hop) What symbols are important to Caroline?...
  [58/152] ✅ (temporal) When did Caroline encounter people on a hike and have a nega...
  [59/152] ❌ (temporal) When did Melanie make a plate in pottery class?...
  [60/152] ❌ (open_domain) Would Caroline be considered religious?...
  [61/152] ✅ (multi_hop) What instruments does Melanie play?...
  [62/152] ❌ (multi_hop) What musical artists/bands has Melanie seen?...
  [63/152] ❌ (temporal) When did Melanie go to the park?...
  [64/152] ❌ (temporal) When is Caroline's youth center putting on a talent show?...
  [65/152] ✅ (open_domain) Would Melanie likely enjoy the song "The Four Seasons" by Vi...
  [66/152] ❌ (multi_hop) What are some changes Caroline has faced during her transiti...
  [67/152] ❌ (multi_hop) What does Melanie do with her family on hikes?...
  [68/152] ❌ (temporal) When did Caroline go biking with friends?...
  [69/152] ✅ (temporal) How long has Melanie been practicing art?...
  [70/152] ❌ (open_domain) What personality traits might Melanie say Caroline has?...
  [71/152] ❌ (multi_hop) What transgender-specific events has Caroline attended?...
  [72/152] ❌ (multi_hop) What book did Melanie read from Caroline's suggestion?...
  [73/152] ❌ (temporal) When did Melanie's friend adopt a child?...
  [74/152] ✅ (temporal) When did Melanie get hurt?...
  [75/152] ❌ (temporal) When did Melanie's family go on a roadtrip?...
  [76/152] ❌ (multi_hop) How many children does Melanie have?...
  [77/152] ❌ (multi_hop) When did Melanie go on a hike after the roadtrip?...
  [78/152] ❌ (open_domain) Would Melanie go on another roadtrip soon?...
  [79/152] ❌ (multi_hop) What items has Melanie bought?...
  [80/152] ✅ (temporal) When did Caroline pass the adoption interview?...
  [81/152] ✅ (temporal) When did Melanie buy the figurines?...
  [82/152] ❌ (open_domain) Would Caroline want to move back to her home country soon?...
  [83/152] ✅ (single_hop) What did the charity race raise awareness for?...
  [84/152] ✅ (single_hop) What did Melanie realize after the charity race?...
  [85/152] ❌ (single_hop) How does Melanie prioritize self-care?...
  [86/152] ❌ (single_hop) What are Caroline's plans for the summer?...
  [87/152] ✅ (single_hop) What type of individuals does the adoption agency Caroline i...
  [88/152] ✅ (single_hop) Why did Caroline choose the adoption agency?...
  [89/152] ✅ (single_hop) What is Caroline excited about in the adoption process?...
  [90/152] ❌ (single_hop) What does Melanie think about Caroline's decision to adopt?...
  [91/152] ✅ (single_hop) How long have Mel and her husband been married?...
  [92/152] ✅ (single_hop) What does Caroline's necklace symbolize?...
  [93/152] ❌ (single_hop) What country is Caroline's grandma from?...
  [94/152] ✅ (single_hop) What was grandma's gift to Caroline?...
  [95/152] ❌ (single_hop) What is Melanie's hand-painted bowl a reminder of?...
  [96/152] ✅ (single_hop) What did Melanie and her family do while camping?...
  [97/152] ❌ (single_hop) What kind of counseling and mental health services is Caroli...
  [98/152] ✅ (single_hop) What workshop did Caroline attend recently?...
  [99/152] ❌ (single_hop) What was discussed in the LGBTQ+ counseling workshop?...
  [100/152] ❌ (single_hop) What motivated Caroline to pursue counseling?...
  [101/152] ✅ (single_hop) What kind of place does Caroline want to create for people?...
  [102/152] ❌ (single_hop) Did Melanie make the black and white bowl in the photo?...
  [103/152] ✅ (single_hop) What kind of books does Caroline have in her library?...
  [104/152] ❌ (single_hop) What was Melanie's favorite book from her childhood?...
  [105/152] ✅ (single_hop) What book did Caroline recommend to Melanie?...
  [106/152] ❌ (single_hop) What did Caroline take away from the book "Becoming Nicole"?...
  [107/152] ✅ (single_hop) What are the new shoes that Melanie got used for?...
  [108/152] ✅ (single_hop) What is Melanie's reason for getting into running?...
  [109/152] ✅ (single_hop) What does Melanie say running has been great for?...
  [110/152] ❌ (single_hop) What did Mel and her kids make during the pottery workshop?...
  [111/152] ❌ (single_hop) What kind of pot did Mel and her kids make with clay?...
  [112/152] ✅ (single_hop) What creative project do Mel and her kids do together beside...
  [113/152] ❌ (single_hop) What did Mel and her kids paint in their latest project in J...
  [114/152] ❌ (single_hop) What did Caroline see at the council meeting for adoption?...
  [115/152] ✅ (single_hop) What do sunflowers represent according to Caroline?...
  [116/152] ✅ (single_hop) Why are flowers important to Melanie?...
  [117/152] ❌ (single_hop) What inspired Caroline's painting for the art show?...
  [118/152] ❌ (single_hop) How often does Melanie go to the beach with her kids?...
  [119/152] ❌ (single_hop) What did Melanie and her family see during their camping tri...
  [120/152] ✅ (single_hop) How did Melanie feel while watching the meteor shower?...
  [121/152] ✅ (single_hop) Whose birthday did Melanie celebrate recently?...
  [122/152] ❌ (single_hop) Who performed at the concert at Melanie's daughter's birthda...
  [123/152] ✅ (single_hop) Why did Melanie choose to use colors and patterns in her pot...
  [124/152] ❌ (single_hop) What pet does Caroline have?...
  [125/152] ✅ (single_hop) What pets does Melanie have?...
  [126/152] ✅ (single_hop) Where did Oliver hide his bone once?...
  [127/152] ✅ (single_hop) What activity did Caroline used to do with her dad?...
  [128/152] ✅ (single_hop) What did Caroline make for a local church?...
  [129/152] ❌ (single_hop) What did Caroline find in her neighborhood during her walk?...
  [130/152] ✅ (single_hop) Which song motivates Caroline to be courageous?...
  [131/152] ✅ (single_hop) Which  classical musicians does Melanie enjoy listening to?...
  [132/152] ✅ (single_hop) Who is Melanie a fan of in terms of modern music?...
  [133/152] ✅ (single_hop) How long has Melanie been creating art?...
  [134/152] ❌ (single_hop) What precautionary sign did Melanie see at the café?...
  [135/152] ❌ (single_hop) What advice does Caroline give for getting started with adop...
  [136/152] ❌ (single_hop) What setback did Melanie face in October 2023?...
  [137/152] ❌ (single_hop) What does Melanie do to keep herself busy during her pottery...
  [138/152] ❌ (single_hop) What painting did Melanie show to Caroline on October 13, 20...
  [139/152] ❌ (single_hop) What kind of painting did Caroline share with Melanie on Oct...
  [140/152] ✅ (single_hop) What was the poetry reading that Caroline attended about?...
  [141/152] ❌ (single_hop) What did the posters at the poetry reading say?...
  [142/152] ❌ (single_hop) What does Caroline's drawing symbolize for her?...
  [143/152] ✅ (single_hop) How do Melanie and Caroline describe their journey through l...
  [144/152] ✅ (single_hop) What happened to Melanie's son on their road trip?...
  [145/152] ❌ (single_hop) How did Melanie's son handle the accident?...
  [146/152] ✅ (single_hop) How did Melanie feel about her family after the accident?...
  [147/152] ❌ (single_hop) How did Melanie's children handle the accident?...
  [148/152] ❌ (single_hop) How did Melanie feel after the accident?...
  [149/152] ❌ (single_hop) What was Melanie's reaction to her children enjoying the Gra...
  [150/152] ❌ (single_hop) What do Melanie's family give her?...
  [151/152] ✅ (single_hop) How did Melanie feel about her family supporting her?...
  [152/152] ❌ (single_hop) What did Melanie do after the road trip to relax?...

============================================================
LoCoMo Benchmark Results
============================================================
  multi_hop      : 0.2188 (7/32)
  temporal       : 0.2432 (9/37)
  open_domain    : 0.3077 (4/13)
  single_hop     : 0.5000 (35/70)

  OVERALL        : 0.3618 (55/152)
============================================================

Results saved to results/run3/
