Loaded 1 conversations
Total scored questions: 152

============================================================
Conversation 1/1: conv-26
============================================================
  Added session_1 (1:56 pm on 8 May, 2023): 1748 chars
  Added session_2 (1:14 pm on 25 May, 2023): 2664 chars
  Added session_3 (7:55 pm on 9 June, 2023): 4563 chars
  Added session_4 (10:37 am on 27 June, 2023): 3153 chars
  Added session_5 (1:36 pm on 3 July, 2023): 2222 chars
  Added session_6 (8:18 pm on 6 July, 2023): 2365 chars
  Added session_7 (4:33 pm on 12 July, 2023): 3890 chars
  Added session_8 (1:51 pm on 15 July, 2023): 4844 chars
  Added session_9 (2:31 pm on 17 July, 2023): 2210 chars
  Added session_10 (8:56 pm on 20 July, 2023): 3689 chars
  Added session_11 (2:24 pm on 14 August, 2023): 2874 chars
  Added session_12 (1:50 pm on 17 August, 2023): 2933 chars
  Added session_13 (3:31 pm on 23 August, 2023): 2675 chars
  Added session_14 (1:33 pm on 25 August, 2023): 5002 chars
  Added session_15 (3:19 pm on 28 August, 2023): 3906 chars
  Added session_16 (12:09 am on 13 September, 2023): 3797 chars
  Added session_17 (10:31 am on 13 October, 2023): 4070 chars
  Added session_18 (6:55 pm on 20 October, 2023): 2951 chars
  Added session_19 (9:55 am on 22 October, 2023): 2516 chars
  Answering 152 questions...
  [1/152] ❌ (temporal) When did Caroline go to the LGBTQ support group?...
  [2/152] ❌ (temporal) When did Melanie paint a sunrise?...
  [3/152] ✅ (open_domain) What fields would Caroline be likely to pursue in her educat...
  [4/152] ❌ (multi_hop) What did Caroline research?...
  [5/152] ✅ (multi_hop) What is Caroline's identity?...
  [6/152] ✅ (temporal) When did Melanie run a charity race?...
  [7/152] ❌ (temporal) When is Melanie planning on going camping?...
  [8/152] ❌ (multi_hop) What is Caroline's relationship status?...
  [9/152] ❌ (temporal) When did Caroline give a speech at a school?...
  [10/152] ❌ (temporal) When did Caroline meet up with her friends, family, and ment...
  [11/152] ❌ (temporal) How long has Caroline had her current group of friends for?...
  [12/152] ❌ (multi_hop) Where did Caroline move from 4 years ago?...
  [13/152] ❌ (temporal) How long ago was Caroline's 18th birthday?...
  [14/152] ❌ (multi_hop) What career path has Caroline decided to persue?...
  [15/152] ❌ (open_domain) Would Caroline still want to pursue counseling as a career i...
  [16/152] ✅ (multi_hop) What activities does Melanie partake in?...
  [17/152] ❌ (temporal) When did Melanie sign up for a pottery class?...
  [18/152] ❌ (temporal) When is Caroline going to the transgender conference?...
  [19/152] ❌ (multi_hop) Where has Melanie camped?...
  [20/152] ❌ (multi_hop) What do Melanie's kids like?...
  [21/152] ❌ (temporal) When did Melanie go to the museum?...
  [22/152] ✅ (temporal) When did Caroline have a picnic?...
  [23/152] ❌ (open_domain) Would Caroline likely have Dr. Seuss books on her bookshelf?...
  [24/152] ❌ (multi_hop) What books has Melanie read?...
  [25/152] ❌ (multi_hop) What does Melanie do to destress?...
  [26/152] ❌ (temporal) When did Caroline go to the LGBTQ conference?...
  [27/152] ❌ (temporal) When did Melanie read the book "nothing is impossible"?...
  [28/152] ✅ (open_domain) Would Caroline pursue writing as a career option?...
  [29/152] ❌ (temporal) When did Caroline go to the adoption meeting?...
  [30/152] ❌ (temporal) When did Melanie go to the pottery workshop?...
  [31/152] ❌ (open_domain) Would Melanie be considered a member of the LGBTQ community?...
  [32/152] ❌ (temporal) When did Melanie go camping in June?...
  [33/152] ❌ (multi_hop) What LGBTQ+ events has Caroline participated in?...
  [34/152] ❌ (temporal) When did Caroline go to a pride parade during the summer?...
  [35/152] ❌ (multi_hop) What events has Caroline participated in to help children?...
  [36/152] ❌ (temporal) When did Melanie go camping in July?...
  [37/152] ✅ (temporal) When did Caroline join a mentorship program?...
  [38/152] ❌ (multi_hop) What did Melanie paint recently?...
  [39/152] ❌ (multi_hop) What activities has Melanie done with her family?...
  [40/152] ❌ (multi_hop) In what ways is Caroline participating in the LGBTQ communit...
  [41/152] ✅ (multi_hop) How many times has Melanie gone to the beach in 2023?...
  [42/152] ❌ (temporal) When did Caroline join a new activist group?...
  [43/152] ✅ (open_domain) Would Melanie be more interested in going to a national park...
  [44/152] ✅ (multi_hop) What kind of art does Caroline make?...
  [45/152] ✅ (temporal) When is Melanie's daughter's birthday?...
  [46/152] ❌ (temporal) When did Caroline attend a pride parade in August?...
  [47/152] ✅ (open_domain) Would Melanie be considered an ally to the transgender commu...
  [48/152] ✅ (multi_hop) Who supports Caroline when she has a negative experience?...
  [49/152] ❌ (multi_hop) What types of pottery have Melanie and her kids made?...
  [50/152] ✅ (temporal) When did Caroline and Melanie go to a pride fesetival togeth...
  [51/152] ✅ (open_domain) What would Caroline's political leaning likely be?...
  [52/152] ❌ (multi_hop) What has Melanie painted?...
  [53/152] ❌ (multi_hop) What are Melanie's pets' names?...
  [54/152] ✅ (temporal) When did Caroline apply to adoption agencies?...
  [55/152] ❌ (temporal) When did Caroline draw a self-portrait?...
  [56/152] ❌ (multi_hop) What subject have Caroline and Melanie both painted?...
  [57/152] ❌ (multi_hop) What symbols are important to Caroline?...
  [58/152] ✅ (temporal) When did Caroline encounter people on a hike and have a nega...
  [59/152] ✅ (temporal) When did Melanie make a plate in pottery class?...
  [60/152] ❌ (open_domain) Would Caroline be considered religious?...
  [61/152] ❌ (multi_hop) What instruments does Melanie play?...
  [62/152] ❌ (multi_hop) What musical artists/bands has Melanie seen?...
  [63/152] ✅ (temporal) When did Melanie go to the park?...
  [64/152] ❌ (temporal) When is Caroline's youth center putting on a talent show?...
  [65/152] ❌ (open_domain) Would Melanie likely enjoy the song "The Four Seasons" by Vi...
  [66/152] ❌ (multi_hop) What are some changes Caroline has faced during her transiti...
  [67/152] ✅ (multi_hop) What does Melanie do with her family on hikes?...
  [68/152] ✅ (temporal) When did Caroline go biking with friends?...
  [69/152] ✅ (temporal) How long has Melanie been practicing art?...
  [70/152] ❌ (open_domain) What personality traits might Melanie say Caroline has?...
  [71/152] ✅ (multi_hop) What transgender-specific events has Caroline attended?...
  [72/152] ❌ (multi_hop) What book did Melanie read from Caroline's suggestion?...
  [73/152] ✅ (temporal) When did Melanie's friend adopt a child?...
  [74/152] ❌ (temporal) When did Melanie get hurt?...
  [75/152] ❌ (temporal) When did Melanie's family go on a roadtrip?...
  [76/152] ❌ (multi_hop) How many children does Melanie have?...
  [77/152] ❌ (multi_hop) When did Melanie go on a hike after the roadtrip?...
  [78/152] ❌ (open_domain) Would Melanie go on another roadtrip soon?...
  [79/152] ❌ (multi_hop) What items has Melanie bought?...
  [80/152] ❌ (temporal) When did Caroline pass the adoption interview?...
  [81/152] ✅ (temporal) When did Melanie buy the figurines?...
  [82/152] ❌ (open_domain) Would Caroline want to move back to her home country soon?...
  [83/152] ✅ (single_hop) What did the charity race raise awareness for?...
  [84/152] ❌ (single_hop) What did Melanie realize after the charity race?...
  [85/152] ❌ (single_hop) How does Melanie prioritize self-care?...
  [86/152] ❌ (single_hop) What are Caroline's plans for the summer?...
  [87/152] ❌ (single_hop) What type of individuals does the adoption agency Caroline i...
  [88/152] ❌ (single_hop) Why did Caroline choose the adoption agency?...
  [89/152] ❌ (single_hop) What is Caroline excited about in the adoption process?...
