
============================================================
Processing conversation: conv-26 (Caroline & Melanie)
============================================================
Ingesting 19 sessions...
  Ingesting session_1 (1:56 pm on 8 May, 2023)...
  Ingesting session_2 (1:14 pm on 25 May, 2023)...
  Ingesting session_3 (7:55 pm on 9 June, 2023)...
  Ingesting session_4 (10:37 am on 27 June, 2023)...
  Ingesting session_5 (1:36 pm on 3 July, 2023)...
  Ingesting session_6 (8:18 pm on 6 July, 2023)...
  Ingesting session_7 (4:33 pm on 12 July, 2023)...
  Ingesting session_8 (1:51 pm on 15 July, 2023)...
  Ingesting session_9 (2:31 pm on 17 July, 2023)...
  Ingesting session_10 (8:56 pm on 20 July, 2023)...
  Ingesting session_11 (2:24 pm on 14 August, 2023)...
  Ingesting session_12 (1:50 pm on 17 August, 2023)...
  Ingesting session_13 (3:31 pm on 23 August, 2023)...
  Ingesting session_14 (1:33 pm on 25 August, 2023)...
  Ingesting session_15 (3:19 pm on 28 August, 2023)...
  Ingesting session_16 (12:09 am on 13 September, 2023)...
  Ingesting session_17 (10:31 am on 13 October, 2023)...
  Ingesting session_18 (6:55 pm on 20 October, 2023)...
  Ingesting session_19 (9:55 am on 22 October, 2023)...
Ingestion complete. Profiles: 2, Episodes: 19
  [1/199] ✅ (temporal) [B] When did Caroline go to the LGBTQ support group?
  [2/199] ✅ (temporal) [B] When did Melanie paint a sunrise?
  [3/199] ✅ (open-domain) [A] What fields would Caroline be likely to pursue in her educaton?
  [4/199] ✅ (single-hop) [A] What did Caroline research?
  [5/199] ✅ (single-hop) [A] What is Caroline's identity?
  [6/199] ❌ (temporal) [B] When did Melanie run a charity race?
  [7/199] ❌ (temporal) [B] When is Melanie planning on going camping?
  [8/199] ❌ (single-hop) [D] What is Caroline's relationship status?
  [9/199] ✅ (temporal) [B] When did Caroline give a speech at a school?
  [10/199] ✅ (temporal) [B] When did Caroline meet up with her friends, family, and mentors?
  [11/199] ✅ (temporal) [B] How long has Caroline had her current group of friends for?
  [12/199] ❌ (single-hop) [B] Where did Caroline move from 4 years ago?
  [13/199] ✅ (temporal) [B] How long ago was Caroline's 18th birthday?
  [14/199] ✅ (single-hop) [A] What career path has Caroline decided to persue?
  [15/199] ✅ (open-domain) [multihop(A,B,C,C,C)] Would Caroline still want to pursue counseling as a career if she hadn't receive
  [16/199] ❌ (single-hop) [A] What activities does Melanie partake in?
  [17/199] ✅ (temporal) [B] When did Melanie sign up for a pottery class?
  [18/199] ✅ (temporal) [B] When is Caroline going to the transgender conference?
  [19/199] ✅ (single-hop) [A] Where has Melanie camped?
  [20/199] ✅ (single-hop) [A] What do Melanie's kids like?
  [21/199] ✅ (temporal) [B] When did Melanie go to the museum?
  [22/199] ✅ (temporal) [B] When did Caroline have a picnic?
  [23/199] ❌ (open-domain) [C] Would Caroline likely have Dr. Seuss books on her bookshelf?
  [24/199] ❌ (single-hop) [D] What books has Melanie read?
  [25/199] ✅ (single-hop) [A] What does Melanie do to destress?
  [26/199] ✅ (temporal) [B] When did Caroline go to the LGBTQ conference?
  [27/199] ❌ (temporal) [D] When did Melanie read the book "nothing is impossible"?
  [28/199] ✅ (open-domain) [C] Would Caroline pursue writing as a career option?
  [29/199] ❌ (temporal) [B] When did Caroline go to the adoption meeting?
  [30/199] ✅ (temporal) [B] When did Melanie go to the pottery workshop?
  [31/199] ✅ (open-domain) [C] Would Melanie be considered a member of the LGBTQ community?
  [32/199] ✅ (temporal) [B] When did Melanie go camping in June?
  [33/199] ❌ (single-hop) [A] What LGBTQ+ events has Caroline participated in?
  [34/199] ❌ (temporal) [B] When did Caroline go to a pride parade during the summer?
  [35/199] ❌ (single-hop) [multihop(C,A,C)] What events has Caroline participated in to help children?
  [36/199] ❌ (temporal) [B] When did Melanie go camping in July?
  [37/199] ✅ (temporal) [B] When did Caroline join a mentorship program?
  [38/199] ✅ (single-hop) [B] What did Melanie paint recently?
  [39/199] ❌ (single-hop) [multihop(A,B,B,A)] What activities has Melanie done with her family?
  [40/199] ✅ (single-hop) [multihop(A,A,A)] In what ways is Caroline participating in the LGBTQ community?
  [41/199] ✅ (single-hop) [B] How many times has Melanie gone to the beach in 2023?
  [42/199] ✅ (temporal) [B] When did Caroline join a new activist group?
  [43/199] ✅ (open-domain) [C] Would Melanie be more interested in going to a national park or a theme park?
  [44/199] ❌ (single-hop) [A] What kind of art does Caroline make?
  [45/199] ✅ (temporal) [B] When is Melanie's daughter's birthday?
  [46/199] ✅ (temporal) [B] When did Caroline attend a pride parade in August?
  [47/199] ✅ (open-domain) [A] Would Melanie be considered an ally to the transgender community?
  [48/199] ✅ (single-hop) [A] Who supports Caroline when she has a negative experience?
  [49/199] ✅ (single-hop) [A] What types of pottery have Melanie and her kids made?
  [50/199] ✅ (temporal) [B] When did Caroline and Melanie go to a pride fesetival together?
  [51/199] ✅ (open-domain) [A] What would Caroline's political leaning likely be?
  [52/199] ❌ (single-hop) [A] What has Melanie painted?
  [53/199] ✅ (single-hop) [A] What are Melanie's pets' names?
  [54/199] ❌ (temporal) [B] When did Caroline apply to adoption agencies?
  [55/199] ✅ (temporal) [B] When did Caroline draw a self-portrait?
  [56/199] ❌ (single-hop) [multihop(A,A,C)] What subject have Caroline and Melanie both painted?
  [57/199] ❌ (single-hop) [A] What symbols are important to Caroline?
  [58/199] ✅ (temporal) [B] When did Caroline encounter people on a hike and have a negative experience?
  [59/199] ✅ (temporal) [B] When did Melanie make a plate in pottery class?
  [60/199] ❌ (open-domain) [D] Would Caroline be considered religious?
  [61/199] ✅ (single-hop) [A] What instruments does Melanie play?
  [62/199] ✅ (single-hop) [A] What musical artists/bands has Melanie seen?
  [63/199] ✅ (temporal) [B] When did Melanie go to the park?
  [64/199] ✅ (temporal) [B] When is Caroline's youth center putting on a talent show?
  [65/199] ✅ (open-domain) [A] Would Melanie likely enjoy the song "The Four Seasons" by Vivaldi?
  [66/199] ❌ (single-hop) [A] What are some changes Caroline has faced during her transition journey?
  [67/199] ✅ (single-hop) [A] What does Melanie do with her family on hikes?
  [68/199] ✅ (temporal) [B] When did Caroline go biking with friends?
  [69/199] ✅ (temporal) [A] How long has Melanie been practicing art?
  [70/199] ❌ (open-domain) [multihop(C,C,C)] What personality traits might Melanie say Caroline has?
  [71/199] ✅ (single-hop) [A] What transgender-specific events has Caroline attended?
  [72/199] ✅ (single-hop) [multihop(A,A,B,C)] What book did Melanie read from Caroline's suggestion?
  [73/199] ✅ (temporal) [B] When did Melanie's friend adopt a child?
  [74/199] ✅ (temporal) [B] When did Melanie get hurt?
  [75/199] ✅ (temporal) [B] When did Melanie's family go on a roadtrip?
  [76/199] ✅ (single-hop) [D] How many children does Melanie have?
  [77/199] ✅ (single-hop) [B] When did Melanie go on a hike after the roadtrip?
  [78/199] ❌ (open-domain) [C] Would Melanie go on another roadtrip soon?
  [79/199] ❌ (single-hop) [A] What items has Melanie bought?
  [80/199] ✅ (temporal) [B] When did Caroline pass the adoption interview?
  [81/199] ✅ (temporal) [B] When did Melanie buy the figurines?
  [82/199] ✅ (open-domain) [C] Would Caroline want to move back to her home country soon?
  [83/199] ✅ (multi-hop) [multihop(A,A,A)] What did the charity race raise awareness for?
  [84/199] ✅ (multi-hop) [multihop(A,B,A)] What did Melanie realize after the charity race?
  [85/199] ❌ (multi-hop) [multihop(A,A,C)] How does Melanie prioritize self-care?
  [86/199] ❌ (multi-hop) [multihop(A,A,B,A)] What are Caroline's plans for the summer?
  [87/199] ✅ (multi-hop) [multihop(A,B,C,A,B,A,B)] What type of individuals does the adoption agency Caroline is considering suppor
  [88/199] ✅ (multi-hop) [multihop(C,A,B,C)] Why did Caroline choose the adoption agency?
  [89/199] ✅ (multi-hop) [multihop(A,A,A)] What is Caroline excited about in the adoption process?
  [90/199] ✅ (multi-hop) [multihop(A,A,C)] What does Melanie think about Caroline's decision to adopt?
  [91/199] ✅ (multi-hop) [multihop(B,A,B)] How long have Mel and her husband been married?
  [92/199] ✅ (multi-hop) [multihop(C,C,A,B)] What does Caroline's necklace symbolize?
  [93/199] ✅ (multi-hop) [multihop(A,B,C,A,B,A,B)] What country is Caroline's grandma from?
  [94/199] ✅ (multi-hop) [multihop(A,A,B,A,B)] What was grandma's gift to Caroline?
  [95/199] ❌ (multi-hop) [multihop(A,A,A,B)] What is Melanie's hand-painted bowl a reminder of?
  [96/199] ✅ (multi-hop) [multihop(A,C,A)] What did Melanie and her family do while camping?
  [97/199] ✅ (multi-hop) [multihop(A,A,A,B,C)] What kind of counseling and mental health services is Caroline interested in pur
  [98/199] ✅ (multi-hop) [multihop(A,B,A)] What workshop did Caroline attend recently?
  [99/199] ✅ (multi-hop) [multihop(A,B,A,B,C,A)] What was discussed in the LGBTQ+ counseling workshop?
  [100/199] ✅ (multi-hop) [multihop(C,C,C)] What motivated Caroline to pursue counseling?
  [101/199] ✅ (multi-hop) [multihop(A,A,C)] What kind of place does Caroline want to create for people?
  [102/199] ✅ (multi-hop) [multihop(A,A,A)] Did Melanie make the black and white bowl in the photo?
  [103/199] ✅ (multi-hop) [multihop(A,B,C,A,B,A,B)] What kind of books does Caroline have in her library?
  [104/199] ✅ (multi-hop) [multihop(A,A,B,A,B)] What was Melanie's favorite book from her childhood?
  [105/199] ✅ (multi-hop) [multihop(C,A,C)] What book did Caroline recommend to Melanie?
  [106/199] ✅ (multi-hop) [multihop(A,B,C,A,B)] What did Caroline take away from the book "Becoming Nicole"?
  [107/199] ✅ (multi-hop) [multihop(A,A,C)] What are the new shoes that Melanie got used for?
  [108/199] ✅ (multi-hop) [multihop(A,A,C)] What is Melanie's reason for getting into running?
  [109/199] ✅ (multi-hop) [multihop(A,A,C)] What does Melanie say running has been great for?
  [110/199] ✅ (multi-hop) [multihop(A,A,A)] What did Mel and her kids make during the pottery workshop?
  [111/199] ❌ (multi-hop) [multihop(A,A,A)] What kind of pot did Mel and her kids make with clay?
  [112/199] ✅ (multi-hop) [multihop(A,A,A)] What creative project do Mel and her kids do together besides pottery?
  [113/199] ❌ (multi-hop) [multihop(B,B,A)] What did Mel and her kids paint in their latest project in July 2023?
  [114/199] ✅ (multi-hop) [multihop(A,B,C,A,A)] What did Caroline see at the council meeting for adoption?
  [115/199] ❌ (multi-hop) [multihop(A,A,A)] What do sunflowers represent according to Caroline?
  [116/199] ❌ (multi-hop) [multihop(A,A,A,B)] Why are flowers important to Melanie?
  [117/199] ❌ (multi-hop) [multihop(A,A,A)] What inspired Caroline's painting for the art show?
  [118/199] ✅ (multi-hop) [multihop(A,A,A)] How often does Melanie go to the beach with her kids?
  [119/199] ❌ (multi-hop) [multihop(C,B,A)] What did Melanie and her family see during their camping trip last year?
  [120/199] ✅ (multi-hop) [multihop(B,A,A)] How did Melanie feel while watching the meteor shower?
  [121/199] ✅ (multi-hop) [multihop(A,B,B)] Whose birthday did Melanie celebrate recently?
  [122/199] ✅ (multi-hop) [multihop(A,A,B,A)] Who performed at the concert at Melanie's daughter's birthday?
  [123/199] ✅ (multi-hop) [multihop(A,B,A,C)] Why did Melanie choose to use colors and patterns in her pottery project?
  [124/199] ✅ (multi-hop) [multihop(A,A,B,A,B)] What pet does Caroline have?
  [125/199] ✅ (multi-hop) [multihop(A,A,A)] What pets does Melanie have?
  [126/199] ✅ (multi-hop) [multihop(A,A,A)] Where did Oliver hide his bone once?
  [127/199] ✅ (multi-hop) [multihop(A,A,B,C,A,B)] What activity did Caroline used to do with her dad?
  [128/199] ✅ (multi-hop) [multihop(A,A,A,B,C)] What did Caroline make for a local church?
  [129/199] ❌ (multi-hop) [multihop(A,B,A,B,A,B)] What did Caroline find in her neighborhood during her walk?
  [130/199] ✅ (multi-hop) [multihop(A,A,A)] Which song motivates Caroline to be courageous?
  [131/199] ✅ (multi-hop) [multihop(A,A,A)] Which  classical musicians does Melanie enjoy listening to?
  [132/199] ✅ (multi-hop) [multihop(A,A,A)] Who is Melanie a fan of in terms of modern music?
  [133/199] ✅ (multi-hop) [multihop(B,A,C)] How long has Melanie been creating art?
  [134/199] ❌ (multi-hop) [multihop(A,B,A,B,C,A,B,C)] What precautionary sign did Melanie see at the café?
  [135/199] ✅ (multi-hop) [multihop(A,A,A)] What advice does Caroline give for getting started with adoption?
  [136/199] ❌ (multi-hop) [multihop(B,C,B)] What setback did Melanie face in October 2023?
  [137/199] ✅ (multi-hop) [multihop(A,A,A)] What does Melanie do to keep herself busy during her pottery break?
  [138/199] ✅ (multi-hop) [multihop(B,B,C)] What painting did Melanie show to Caroline on October 13, 2023?
  [139/199] ❌ (multi-hop) [multihop(B,B,A)] What kind of painting did Caroline share with Melanie on October 13, 2023?
  [140/199] ✅ (multi-hop) [multihop(B,A,A)] What was the poetry reading that Caroline attended about?
  [141/199] ❌ (multi-hop) [multihop(A,B,A,B,C)] What did the posters at the poetry reading say?
  [142/199] ✅ (multi-hop) [multihop(A,A,A)] What does Caroline's drawing symbolize for her?
  [143/199] ❌ (multi-hop) [multihop(C,C,C)] How do Melanie and Caroline describe their journey through life together?
  [144/199] ✅ (multi-hop) [multihop(A,B,C,B,A)] What happened to Melanie's son on their road trip?
  [145/199] ✅ (multi-hop) [multihop(A,A,C)] How did Melanie's son handle the accident?
  [146/199] ✅ (multi-hop) [multihop(C,B,C)] How did Melanie feel about her family after the accident?
  [147/199] ✅ (multi-hop) [multihop(A,C,C)] How did Melanie's children handle the accident?
  [148/199] ✅ (multi-hop) [multihop(B,C,B)] How did Melanie feel after the accident?
  [149/199] ✅ (multi-hop) [multihop(A,A,A)] What was Melanie's reaction to her children enjoying the Grand Canyon?
  [150/199] ❌ (multi-hop) [multihop(A,A,A)] What do Melanie's family give her?
  [151/199] ✅ (multi-hop) [multihop(A,A,A)] How did Melanie feel about her family supporting her?
  [152/199] ❌ (multi-hop) [multihop(A,A,A)] What did Melanie do after the road trip to relax?
  [153/199] ❌ (adversarial) [C] What did Caroline realize after her charity race?
  [154/199] ❌ (adversarial) [B] What are Melanie's plans for the summer with respect to adoption?
  [155/199] ✅ (adversarial) [B] What type of individuals does the adoption agency Melanie is considering support
  [156/199] ✅ (adversarial) [multihop(C,A,B,A,B)] Why did Melanie choose the adoption agency?
  [157/199] ❌ (adversarial) [C] What is Melanie excited about in her adoption process?
  [158/199] ✅ (adversarial) [C] What does Melanie's necklace symbolize?
  [159/199] ❌ (adversarial) [D] What country is Melanie's grandma from?
  [160/199] ❌ (adversarial) [C] What was grandma's gift to Melanie?
  [161/199] ✅ (adversarial) [B] What was grandpa's gift to Caroline?
  [162/199] ✅ (adversarial) [B] What is Caroline's hand-painted bowl a reminder of?
  [163/199] ✅ (adversarial) [A] What did Caroline and her family do while camping?
  [164/199] ❌ (adversarial) [C] What kind of counseling and mental health services is Melanie interested in purs
  [165/199] ❌ (adversarial) [C] What kind of counseling workshop did Melanie attend recently?
  [166/199] ❌ (adversarial) [C] What motivated Melanie to pursue counseling?
  [167/199] ❌ (adversarial) [C] What kind of place does Melanie want to create for people?
  [168/199] ❌ (adversarial) [A] Did Caroline make the black and white bowl in the photo?
  [169/199] ❌ (adversarial) [C] What are the new shoes that Caroline got used for?
  [170/199] ✅ (adversarial) [B] What is Caroline's reason for getting into running?
  [171/199] ✅ (adversarial) [C] What does Caroline say running has been great for?
  [172/199] ❌ (adversarial) [C] What did Melanie see at the council meeting for adoption?
  [173/199] ❌ (adversarial) [C] What inspired Melanie's painting for the art show?
  [174/199] ✅ (adversarial) [C] What inspired Caroline's sculpture for the art show?
  [175/199] ❌ (adversarial) [D] How often does Caroline go to the beach with her kids?
  [176/199] ✅ (adversarial) [B] What did Caroline and her family see during their camping trip last year?
  [177/199] ✅ (adversarial) [C] How did Caroline feel while watching the meteor shower?
  [178/199] ❌ (adversarial) [multihop(A,B,C,A,B,C,C)] Why did Caroline choose to use colors and patterns in her pottery project?
  [179/199] ❌ (adversarial) [B] Is Oscar Melanie's pet?
  [180/199] ❌ (adversarial) [C] Where did Oscar hide his bone once?
  [181/199] ✅ (adversarial) [B] What activity did Melanie used to do with her dad?
  [182/199] ❌ (adversarial) [C] What did Melanie make for a local church?
  [183/199] ❌ (adversarial) [C] What did Melanie find in her neighborhood during her walk?
  [184/199] ✅ (adversarial) [C] Which song motivates Melanie to be courageous?
  [185/199] ❌ (adversarial) [A] What type of instrument does Caroline play?
  [186/199] ✅ (adversarial) [C] Which classical musicians does Caroline enjoy listening to?
  [187/199] ❌ (adversarial) [A] Who is Caroline a fan of in terms of modern music?
  [188/199] ❌ (adversarial) [D] What precautionary sign did Caroline see at the café?
  [189/199] ❌ (adversarial) [C] What setback did Caroline face recently?
  [190/199] ✅ (adversarial) [B] What does Caroline do to keep herself busy during her pottery break?
  [191/199] ❌ (adversarial) [C] What was the poetry reading that Melanie attended about?
  [192/199] ❌ (adversarial) [C] What happened to Caroline's son on their road trip?
  [193/199] ✅ (adversarial) [C] How did Caroline's son handle the accident?
  [194/199] ❌ (adversarial) [A] How did Caroline feel about her family after the accident?
  [195/199] ❌ (adversarial) [multihop(A,B,C,A,B,C,C)] How did Caroline's children handle the accident?
  [196/199] ✅ (adversarial) [C] How did Caroline feel after the accident?
  [197/199] ❌ (adversarial) [C] What was Caroline's reaction to her children enjoying the Grand Canyon?
  [198/199] ✅ (adversarial) [multihop(A,B,C,A,B,C,A)] What did Caroline do after the road trip to relax?
  [199/199] ✅ (adversarial) [A] What does Caroline love most about camping with her family?

============================================================
Processing conversation: conv-30 (Jon & Gina)
============================================================
Ingesting 19 sessions...
  Ingesting session_1 (4:04 pm on 20 January, 2023)...
  Ingesting session_2 (2:32 pm on 29 January, 2023)...
  Ingesting session_3 (12:48 am on 1 February, 2023)...
  Ingesting session_4 (10:43 am on 4 February, 2023)...
  Ingesting session_5 (9:32 am on 8 February, 2023)...
  Ingesting session_6 (2:35 pm on 16 March, 2023)...
  Ingesting session_7 (7:28 pm on 23 March, 2023)...
  Ingesting session_8 (1:26 pm on 3 April, 2023)...
