  Filtered to 3 conversations: ['conv-26', 'conv-30', 'conv-44']

============================================================
Processing conversation: conv-26 (Caroline & Melanie)
============================================================
Ingesting 19 sessions...
  Ingesting session_1 (1:56 pm on 8 May, 2023)...
  Ingesting session_2 (1:14 pm on 25 May, 2023)...
  Ingesting session_3 (7:55 pm on 9 June, 2023)...
  Ingesting session_4 (10:37 am on 27 June, 2023)...
  Ingesting session_5 (1:36 pm on 3 July, 2023)...
  Ingesting session_6 (8:18 pm on 6 July, 2023)...
  Ingesting session_7 (4:33 pm on 12 July, 2023)...
  Ingesting session_8 (1:51 pm on 15 July, 2023)...
  Ingesting session_9 (2:31 pm on 17 July, 2023)...
  Ingesting session_10 (8:56 pm on 20 July, 2023)...
  Ingesting session_11 (2:24 pm on 14 August, 2023)...
  Ingesting session_12 (1:50 pm on 17 August, 2023)...
  Ingesting session_13 (3:31 pm on 23 August, 2023)...
  Ingesting session_14 (1:33 pm on 25 August, 2023)...
  Ingesting session_15 (3:19 pm on 28 August, 2023)...
  Ingesting session_16 (12:09 am on 13 September, 2023)...
  Ingesting session_17 (10:31 am on 13 October, 2023)...
  Ingesting session_18 (6:55 pm on 20 October, 2023)...
  Ingesting session_19 (9:55 am on 22 October, 2023)...
Ingestion complete. Profiles: 2, Episodes: 19
  [1/199] ✅ (temporal) [B] When did Caroline go to the LGBTQ support group?
  [2/199] ✅ (temporal) [B] When did Melanie paint a sunrise?
  [3/199] ✅ (open-domain) [B] What fields would Caroline be likely to pursue in her educaton?
  [4/199] ✅ (single-hop) [B] What did Caroline research?
  [5/199] ✅ (single-hop) [B] What is Caroline's identity?
  [6/199] ✅ (temporal) [B] When did Melanie run a charity race?
  [7/199] ✅ (temporal) [B] When is Melanie planning on going camping?
  [8/199] ❌ (single-hop) [D] What is Caroline's relationship status?
  [9/199] ✅ (temporal) [B] When did Caroline give a speech at a school?
  [10/199] ✅ (temporal) [B] When did Caroline meet up with her friends, family, and mentors?
  [11/199] ✅ (temporal) [B] How long has Caroline had her current group of friends for?
  [12/199] ✅ (single-hop) [B] Where did Caroline move from 4 years ago?
  [13/199] ✅ (temporal) [B] How long ago was Caroline's 18th birthday?
  [14/199] ✅ (single-hop) [B] What career path has Caroline decided to persue?
  [15/199] ✅ (open-domain) [multihop(A,C,C)] Would Caroline still want to pursue counseling as a career if she hadn't receive
  [16/199] ✅ (single-hop) [B] What activities does Melanie partake in?
  [17/199] ✅ (temporal) [B] When did Melanie sign up for a pottery class?
  [18/199] ✅ (temporal) [B] When is Caroline going to the transgender conference?
  [19/199] ✅ (single-hop) [B] Where has Melanie camped?
  [20/199] ✅ (single-hop) [B] What do Melanie's kids like?
  [21/199] ✅ (temporal) [B] When did Melanie go to the museum?
  [22/199] ✅ (temporal) [B] When did Caroline have a picnic?
  [23/199] ❌ (open-domain) [D] Would Caroline likely have Dr. Seuss books on her bookshelf?
  [24/199] ❌ (single-hop) [B] What books has Melanie read?
  [25/199] ❌ (single-hop) [B] What does Melanie do to destress?
  [26/199] ✅ (temporal) [B] When did Caroline go to the LGBTQ conference?
  [27/199] ❌ (temporal) [C] When did Melanie read the book "nothing is impossible"?
  [28/199] ✅ (open-domain) [C] Would Caroline pursue writing as a career option?
  [29/199] ✅ (temporal) [B] When did Caroline go to the adoption meeting?
  [30/199] ✅ (temporal) [B] When did Melanie go to the pottery workshop?
  [31/199] ✅ (open-domain) [C] Would Melanie be considered a member of the LGBTQ community?
  [32/199] ✅ (temporal) [B] When did Melanie go camping in June?
  [33/199] ❌ (single-hop) [B] What LGBTQ+ events has Caroline participated in?
  [34/199] ❌ (temporal) [B] When did Caroline go to a pride parade during the summer?
  [35/199] ❌ (single-hop) [multihop(C,A,C)] What events has Caroline participated in to help children?
  [36/199] ❌ (temporal) [B] When did Melanie go camping in July?
  [37/199] ✅ (temporal) [B] When did Caroline join a mentorship program?
  [38/199] ✅ (single-hop) [B] What did Melanie paint recently?
  [39/199] ❌ (single-hop) [multihop(A,B,A)] What activities has Melanie done with her family?
  [40/199] ✅ (single-hop) [multihop(C,A,A)] In what ways is Caroline participating in the LGBTQ community?
  [41/199] ✅ (single-hop) [B] How many times has Melanie gone to the beach in 2023?
  [42/199] ✅ (temporal) [B] When did Caroline join a new activist group?
  [43/199] ✅ (open-domain) [A] Would Melanie be more interested in going to a national park or a theme park?
  [44/199] ✅ (single-hop) [B] What kind of art does Caroline make?
  [45/199] ✅ (temporal) [B] When is Melanie's daughter's birthday?
  [46/199] ✅ (temporal) [B] When did Caroline attend a pride parade in August?
  [47/199] ✅ (open-domain) [A] Would Melanie be considered an ally to the transgender community?
  [48/199] ✅ (single-hop) [B] Who supports Caroline when she has a negative experience?
  [49/199] ✅ (single-hop) [B] What types of pottery have Melanie and her kids made?
  [50/199] ✅ (temporal) [B] When did Caroline and Melanie go to a pride fesetival together?
  [51/199] ✅ (open-domain) [multihop(A,B,C,A,B,C,A,B,C)] What would Caroline's political leaning likely be?
  [52/199] ✅ (single-hop) [B] What has Melanie painted?
  [53/199] ✅ (single-hop) [B] What are Melanie's pets' names?
  [54/199] ✅ (temporal) [B] When did Caroline apply to adoption agencies?
  [55/199] ✅ (temporal) [B] When did Caroline draw a self-portrait?
  [56/199] ❌ (single-hop) [multihop(A,A,C)] What subject have Caroline and Melanie both painted?
  [57/199] ❌ (single-hop) [B] What symbols are important to Caroline?
  [58/199] ✅ (temporal) [B] When did Caroline encounter people on a hike and have a negative experience?
  [59/199] ✅ (temporal) [B] When did Melanie make a plate in pottery class?
  [60/199] ❌ (open-domain) [C] Would Caroline be considered religious?
  [61/199] ✅ (single-hop) [B] What instruments does Melanie play?
  [62/199] ✅ (single-hop) [B] What musical artists/bands has Melanie seen?
  [63/199] ✅ (temporal) [B] When did Melanie go to the park?
  [64/199] ✅ (temporal) [B] When is Caroline's youth center putting on a talent show?
  [65/199] ✅ (open-domain) [A] Would Melanie likely enjoy the song "The Four Seasons" by Vivaldi?
  [66/199] ✅ (single-hop) [B] What are some changes Caroline has faced during her transition journey?
  [67/199] ❌ (single-hop) [B] What does Melanie do with her family on hikes?
  [68/199] ✅ (temporal) [B] When did Caroline go biking with friends?
  [69/199] ✅ (temporal) [B] How long has Melanie been practicing art?
  [70/199] ❌ (open-domain) [multihop(A,C,C)] What personality traits might Melanie say Caroline has?
  [71/199] ✅ (single-hop) [B] What transgender-specific events has Caroline attended?
  [72/199] ✅ (single-hop) [multihop(A,A,C)] What book did Melanie read from Caroline's suggestion?
  [73/199] ✅ (temporal) [B] When did Melanie's friend adopt a child?
  [74/199] ✅ (temporal) [B] When did Melanie get hurt?
  [75/199] ✅ (temporal) [B] When did Melanie's family go on a roadtrip?
  [76/199] ❌ (single-hop) [D] How many children does Melanie have?
  [77/199] ✅ (single-hop) [B] When did Melanie go on a hike after the roadtrip?
  [78/199] ❌ (open-domain) [C] Would Melanie go on another roadtrip soon?
  [79/199] ✅ (single-hop) [B] What items has Melanie bought?
  [80/199] ✅ (temporal) [B] When did Caroline pass the adoption interview?
  [81/199] ✅ (temporal) [B] When did Melanie buy the figurines?
  [82/199] ✅ (open-domain) [C] Would Caroline want to move back to her home country soon?
  [83/199] ✅ (multi-hop) [temporal_A] What did the charity race raise awareness for?
  [84/199] ✅ (multi-hop) [temporal_A] What did Melanie realize after the charity race?
  [85/199] ❌ (multi-hop) [temporal_A] How does Melanie prioritize self-care?
  [86/199] ❌ (multi-hop) [temporal_A] What are Caroline's plans for the summer?
  [87/199] ✅ (multi-hop) [temporal_A] What type of individuals does the adoption agency Caroline is considering suppor
  [88/199] ✅ (multi-hop) [temporal_C] Why did Caroline choose the adoption agency?
  [89/199] ✅ (multi-hop) [temporal_A] What is Caroline excited about in the adoption process?
  [90/199] ✅ (multi-hop) [temporal_A] What does Melanie think about Caroline's decision to adopt?
  [91/199] ✅ (multi-hop) [temporal_B] How long have Mel and her husband been married?
  [92/199] ✅ (multi-hop) [temporal_A] What does Caroline's necklace symbolize?
  [93/199] ✅ (multi-hop) [temporal_A] What country is Caroline's grandma from?
  [94/199] ✅ (multi-hop) [temporal_A] What was grandma's gift to Caroline?
  [95/199] ❌ (multi-hop) [temporal_A] What is Melanie's hand-painted bowl a reminder of?
  [96/199] ✅ (multi-hop) [temporal_A] What did Melanie and her family do while camping?
  [97/199] ✅ (multi-hop) [temporal_A] What kind of counseling and mental health services is Caroline interested in pur
  [98/199] ✅ (multi-hop) [temporal_B] What workshop did Caroline attend recently?
  [99/199] ✅ (multi-hop) [temporal_B] What was discussed in the LGBTQ+ counseling workshop?
  [100/199] ✅ (multi-hop) [temporal_A] What motivated Caroline to pursue counseling?
  [101/199] ✅ (multi-hop) [temporal_A] What kind of place does Caroline want to create for people?
  [102/199] ✅ (multi-hop) [temporal_A] Did Melanie make the black and white bowl in the photo?
  [103/199] ✅ (multi-hop) [temporal_A] What kind of books does Caroline have in her library?
  [104/199] ✅ (multi-hop) [temporal_A] What was Melanie's favorite book from her childhood?
  [105/199] ✅ (multi-hop) [temporal_C] What book did Caroline recommend to Melanie?
  [106/199] ✅ (multi-hop) [temporal_A] What did Caroline take away from the book "Becoming Nicole"?
  [107/199] ✅ (multi-hop) [temporal_A] What are the new shoes that Melanie got used for?
  [108/199] ✅ (multi-hop) [temporal_A] What is Melanie's reason for getting into running?
  [109/199] ✅ (multi-hop) [temporal_A] What does Melanie say running has been great for?
  [110/199] ✅ (multi-hop) [temporal_A] What did Mel and her kids make during the pottery workshop?
  [111/199] ❌ (multi-hop) [temporal_A] What kind of pot did Mel and her kids make with clay?
  [112/199] ✅ (multi-hop) [temporal_A] What creative project do Mel and her kids do together besides pottery?
  [113/199] ❌ (multi-hop) [temporal_B] What did Mel and her kids paint in their latest project in July 2023?
  [114/199] ✅ (multi-hop) [temporal_A] What did Caroline see at the council meeting for adoption?
  [115/199] ✅ (multi-hop) [temporal_A] What do sunflowers represent according to Caroline?
  [116/199] ✅ (multi-hop) [temporal_C] Why are flowers important to Melanie?
  [117/199] ✅ (multi-hop) [temporal_A] What inspired Caroline's painting for the art show?
  [118/199] ✅ (multi-hop) [temporal_A] How often does Melanie go to the beach with her kids?
  [119/199] ✅ (multi-hop) [temporal_B] What did Melanie and her family see during their camping trip last year?
  [120/199] ✅ (multi-hop) [temporal_A] How did Melanie feel while watching the meteor shower?
  [121/199] ✅ (multi-hop) [temporal_B] Whose birthday did Melanie celebrate recently?
  [122/199] ✅ (multi-hop) [temporal_C] Who performed at the concert at Melanie's daughter's birthday?
  [123/199] ❌ (multi-hop) [temporal_C] Why did Melanie choose to use colors and patterns in her pottery project?
  [124/199] ✅ (multi-hop) [temporal_A] What pet does Caroline have?
  [125/199] ✅ (multi-hop) [temporal_A] What pets does Melanie have?
  [126/199] ✅ (multi-hop) [temporal_A] Where did Oliver hide his bone once?
  [127/199] ✅ (multi-hop) [temporal_A] What activity did Caroline used to do with her dad?
  [128/199] ✅ (multi-hop) [temporal_A] What did Caroline make for a local church?
  [129/199] ✅ (multi-hop) [temporal_A] What did Caroline find in her neighborhood during her walk?
  [130/199] ✅ (multi-hop) [temporal_A] Which song motivates Caroline to be courageous?
  [131/199] ✅ (multi-hop) [temporal_A] Which  classical musicians does Melanie enjoy listening to?
  [132/199] ✅ (multi-hop) [temporal_A] Who is Melanie a fan of in terms of modern music?
  [133/199] ✅ (multi-hop) [temporal_B] How long has Melanie been creating art?
  [134/199] ❌ (multi-hop) [temporal_A] What precautionary sign did Melanie see at the café?
  [135/199] ✅ (multi-hop) [temporal_A] What advice does Caroline give for getting started with adoption?
  [136/199] ✅ (multi-hop) [temporal_B] What setback did Melanie face in October 2023?
  [137/199] ✅ (multi-hop) [temporal_A] What does Melanie do to keep herself busy during her pottery break?
  [138/199] ❌ (multi-hop) [temporal_B] What painting did Melanie show to Caroline on October 13, 2023?
  [139/199] ✅ (multi-hop) [temporal_B] What kind of painting did Caroline share with Melanie on October 13, 2023?
  [140/199] ✅ (multi-hop) [temporal_A] What was the poetry reading that Caroline attended about?
  [141/199] ❌ (multi-hop) [temporal_A] What did the posters at the poetry reading say?
  [142/199] ✅ (multi-hop) [temporal_A] What does Caroline's drawing symbolize for her?
  [143/199] ✅ (multi-hop) [temporal_C] How do Melanie and Caroline describe their journey through life together?
  [144/199] ✅ (multi-hop) [temporal_B] What happened to Melanie's son on their road trip?
  [145/199] ✅ (multi-hop) [temporal_A] How did Melanie's son handle the accident?
  [146/199] ✅ (multi-hop) [temporal_C] How did Melanie feel about her family after the accident?
  [147/199] ❌ (multi-hop) [temporal_A] How did Melanie's children handle the accident?
  [148/199] ✅ (multi-hop) [temporal_A] How did Melanie feel after the accident?
  [149/199] ✅ (multi-hop) [temporal_A] What was Melanie's reaction to her children enjoying the Grand Canyon?
  [150/199] ❌ (multi-hop) [temporal_A] What do Melanie's family give her?
  [151/199] ✅ (multi-hop) [temporal_A] How did Melanie feel about her family supporting her?
  [152/199] ❌ (multi-hop) [temporal_C] What did Melanie do after the road trip to relax?
  [153/199] ✅ (adversarial) [adversarial_masked] What did Caroline realize after her charity race?
  [154/199] ✅ (adversarial) [adversarial_masked] What are Melanie's plans for the summer with respect to adoption?
  [155/199] ✅ (adversarial) [adversarial_masked] What type of individuals does the adoption agency Melanie is considering support
  [156/199] ✅ (adversarial) [adversarial_masked] Why did Melanie choose the adoption agency?
  [157/199] ✅ (adversarial) [adversarial_masked] What is Melanie excited about in her adoption process?
  [158/199] ✅ (adversarial) [adversarial_masked] What does Melanie's necklace symbolize?
  [159/199] ✅ (adversarial) [adversarial_masked] What country is Melanie's grandma from?
  [160/199] ✅ (adversarial) [adversarial_masked] What was grandma's gift to Melanie?
  [161/199] ❌ (adversarial) [adversarial_masked] What was grandpa's gift to Caroline?
  [162/199] ✅ (adversarial) [adversarial_masked] What is Caroline's hand-painted bowl a reminder of?
  [163/199] ✅ (adversarial) [adversarial_masked] What did Caroline and her family do while camping?
  [164/199] ✅ (adversarial) [adversarial_masked] What kind of counseling and mental health services is Melanie interested in purs
  [165/199] ✅ (adversarial) [adversarial_masked] What kind of counseling workshop did Melanie attend recently?
  [166/199] ✅ (adversarial) [adversarial_masked] What motivated Melanie to pursue counseling?
  [167/199] ✅ (adversarial) [adversarial_masked] What kind of place does Melanie want to create for people?
  [168/199] ✅ (adversarial) [adversarial_masked] Did Caroline make the black and white bowl in the photo?
  [169/199] ✅ (adversarial) [adversarial_masked] What are the new shoes that Caroline got used for?
  [170/199] ✅ (adversarial) [adversarial_masked] What is Caroline's reason for getting into running?
  [171/199] ✅ (adversarial) [adversarial_masked] What does Caroline say running has been great for?
  [172/199] ✅ (adversarial) [adversarial_masked] What did Melanie see at the council meeting for adoption?
  [173/199] ✅ (adversarial) [adversarial_masked] What inspired Melanie's painting for the art show?
  [174/199] ✅ (adversarial) [adversarial_masked] What inspired Caroline's sculpture for the art show?
  [175/199] ✅ (adversarial) [adversarial_masked] How often does Caroline go to the beach with her kids?
  [176/199] ✅ (adversarial) [adversarial_masked] What did Caroline and her family see during their camping trip last year?
  [177/199] ✅ (adversarial) [adversarial_masked] How did Caroline feel while watching the meteor shower?
  [178/199] ❌ (adversarial) [adversarial_masked] Why did Caroline choose to use colors and patterns in her pottery project?
  [179/199] ✅ (adversarial) [adversarial_masked] Is Oscar Melanie's pet?
  [180/199] ✅ (adversarial) [adversarial_masked] Where did Oscar hide his bone once?
  [181/199] ✅ (adversarial) [adversarial_masked] What activity did Melanie used to do with her dad?
  [182/199] ✅ (adversarial) [adversarial_masked] What did Melanie make for a local church?
  [183/199] ✅ (adversarial) [adversarial_masked] What did Melanie find in her neighborhood during her walk?
  [184/199] ✅ (adversarial) [adversarial_masked] Which song motivates Melanie to be courageous?
  [185/199] ✅ (adversarial) [adversarial_masked] What type of instrument does Caroline play?
  [186/199] ✅ (adversarial) [adversarial_masked] Which classical musicians does Caroline enjoy listening to?
  [187/199] ✅ (adversarial) [adversarial_masked] Who is Caroline a fan of in terms of modern music?
  [188/199] ❌ (adversarial) [adversarial_masked] What precautionary sign did Caroline see at the café?
  [189/199] ✅ (adversarial) [adversarial_masked] What setback did Caroline face recently?
  [190/199] ✅ (adversarial) [adversarial_masked] What does Caroline do to keep herself busy during her pottery break?
  [191/199] ✅ (adversarial) [adversarial_masked] What was the poetry reading that Melanie attended about?
  [192/199] ✅ (adversarial) [adversarial_masked] What happened to Caroline's son on their road trip?
  [193/199] ✅ (adversarial) [adversarial_masked] How did Caroline's son handle the accident?
  [194/199] ✅ (adversarial) [adversarial_masked] How did Caroline feel about her family after the accident?
  [195/199] ✅ (adversarial) [adversarial_masked] How did Caroline's children handle the accident?
  [196/199] ✅ (adversarial) [adversarial_masked] How did Caroline feel after the accident?
  [197/199] ✅ (adversarial) [adversarial_masked] What was Caroline's reaction to her children enjoying the Grand Canyon?
  [198/199] ❌ (adversarial) [adversarial_masked] What did Caroline do after the road trip to relax?
  [199/199] ✅ (adversarial) [adversarial_masked] What does Caroline love most about camping with her family?

============================================================
Processing conversation: conv-30 (Jon & Gina)
============================================================
Ingesting 19 sessions...
  Ingesting session_1 (4:04 pm on 20 January, 2023)...
  Ingesting session_2 (2:32 pm on 29 January, 2023)...
  Ingesting session_3 (12:48 am on 1 February, 2023)...
  Ingesting session_4 (10:43 am on 4 February, 2023)...
  Ingesting session_5 (9:32 am on 8 February, 2023)...
  Ingesting session_6 (2:35 pm on 16 March, 2023)...
  Ingesting session_7 (7:28 pm on 23 March, 2023)...
  Ingesting session_8 (1:26 pm on 3 April, 2023)...
  Ingesting session_9 (10:33 am on 9 April, 2023)...
  Ingesting session_10 (11:24 am on 25 April, 2023)...
  Ingesting session_11 (3:14 pm on 11 May, 2023)...
  Ingesting session_12 (7:18 pm on 27 May, 2023)...
  Ingesting session_13 (8:29 pm on 13 June, 2023)...
  Ingesting session_14 (9:38 pm on 16 June, 2023)...
  Ingesting session_15 (10:04 am on 19 June, 2023)...
  Ingesting session_16 (2:15 pm on 21 June, 2023)...
  Ingesting session_17 (1:25 pm on 9 July, 2023)...
  Ingesting session_18 (5:44 pm on 21 July, 2023)...
  Ingesting session_19 (6:46 pm on 23 July, 2023)...
Ingestion complete. Profiles: 2, Episodes: 19
  [1/105] ✅ (temporal) [B] When Jon has lost his job as a banker?
  [2/105] ✅ (temporal) [B] When Gina has lost her job at Door Dash?
  [3/105] ✅ (multi-hop) [temporal_A] How do Jon and Gina both like to destress?
  [4/105] ❌ (single-hop) [multihop(A,A,C)] What do Jon and Gina both have in common?
  [5/105] ✅ (multi-hop) [temporal_C] Why did Jon decide to start his dance studio?
  [6/105] ✅ (single-hop) [B] What Jon thinks the ideal dance studio should look like?
  [7/105] ✅ (temporal) [B] When is Jon's group performing at a festival?
  [8/105] ✅ (temporal) [B] When did Gina launch an ad campaign for her store?
  [9/105] ✅ (temporal) [B] When was Jon in Paris?
  [10/105] ✅ (single-hop) [multihop(A,B,A,C)] Which city have both Jean and John visited?
  [11/105] ✅ (temporal) [B] When did Gina team up with a local artist for some cool designs?
  [12/105] ✅ (temporal) [B] When did Gina get her tattoo?
  [13/105] ✅ (temporal) [B] When did Jon start to go to the gym?
  [14/105] ✅ (temporal) [B] When did Gina open her online clothing store?
  [15/105] ✅ (temporal) [B] When did Jon start expanding his studio's social media presence?
  [16/105] ✅ (temporal) [B] When did Jon host a dance competition?
  [17/105] ✅ (temporal) [B] When did Jon go to a fair to get more exposure for his dance studio?
  [18/105] ✅ (single-hop) [multihop(A,A,A)] Why did Gina decide to start her own clothing store?
  [19/105] ✅ (single-hop) [B] Do Jon and Gina start businesses out of what they love?
  [20/105] ✅ (temporal) [B] When did Gina interview for a design internship?
  [21/105] ✅ (temporal) [B] When did Gina get accepted for the design internship?
  [22/105] ✅ (temporal) [B] When did Jon start reading "The Lean Startup"?
  [23/105] ✅ (temporal) [B] When did Gina develop a video presentation to teach how to style her fashion pie
  [24/105] ✅ (single-hop) [B] How did Gina promote her clothes store?
  [25/105] ✅ (single-hop) [multihop(A,C,C)] Which events has Jon participated in to promote his business venture?
  [26/105] ✅ (single-hop) [B] What does Jon's dance studio offer?
  [27/105] ✅ (temporal) [B] When did Jon receive mentorship to promote his venture?
  [28/105] ✅ (single-hop) [B] Did Jon and Gina both participate in dance competitions?
  [29/105] ✅ (temporal) [B] When was Jon in Rome?
  [30/105] ✅ (single-hop) [B] Which cities has Jon visited?
  [31/105] ✅ (temporal) [B] When Jon is planning to open his dance studio?
  [32/105] ✅ (single-hop) [B] How long did it take for Jon to open his studio?
  [33/105] ✅ (temporal) [B] When did Gina design a limited collection of hoodies?
  [34/105] ✅ (temporal) [B] When did Jon visit networking events for his store?
  [35/105] ✅ (temporal) [B] When did Gina start being recognized by fashion editors?
  [36/105] ✅ (temporal) [B] When did Jon start learning marketing and analytics tools?
  [37/105] ✅ (temporal) [B] When did Jon and Gina decide to collaborate to create dance content?
  [38/105] ✅ (temporal) [B] When did Gina mention Shia Labeouf?
  [39/105] ✅ (temporal) [B] When did Gina go to a dance class with a group of friends?
  [40/105] ✅ (multi-hop) [temporal_A] What is Gina's favorite style of dance?
  [41/105] ✅ (multi-hop) [temporal_A] What is Jon's favorite style of dance?
  [42/105] ✅ (multi-hop) [temporal_A] What was Gina's favorite dancing memory?
  [43/105] ✅ (multi-hop) [temporal_A] What kind of dance piece did Gina's team perform to win first place?
  [44/105] ❌ (multi-hop) [temporal_A] What do the dancers in the photo represent?
  [45/105] ❌ (multi-hop) [temporal_A] What does Gina say about the dancers in the photo?
  [46/105] ✅ (multi-hop) [temporal_A] What is Jon's attitude towards being part of the dance festival?
  [47/105] ✅ (multi-hop) [temporal_A] What kind of flooring is Jon looking for in his dance studio?
  [48/105] ❌ (multi-hop) [temporal_B] What did Gina find for her clothing store on 1 February, 2023?
  [49/105] ✅ (multi-hop) [temporal_A] What did Gina design for her store?
  [50/105] ❌ (multi-hop) [temporal_A] What did Gina want her customers to feel in her store?
  [51/105] ✅ (multi-hop) [temporal_A] What did Jon say about Gina's progress with her store?
  [52/105] ✅ (multi-hop) [temporal_A] What made Gina choose the furniture and decor for her store?
  [53/105] ❌ (multi-hop) [temporal_A] What did Jon say about creating a special experience for customers?
  [54/105] ✅ (multi-hop) [temporal_A] What did Gina say about creating an experience for her customers?
  [55/105] ✅ (multi-hop) [temporal_A] How is Gina's store doing?
  [56/105] ✅ (multi-hop) [temporal_A] What does Gina's tattoo symbolize?
  [57/105] ❌ (multi-hop) [temporal_A] What did Jon and Gina compare their entrepreneurial journeys to?
  [58/105] ✅ (multi-hop) [temporal_A] What advice does Gina give to Jon about running a successful business?
  [59/105] ✅ (multi-hop) [temporal_C] Why did Jon shut down his bank account?
  [60/105] ✅ (multi-hop) [temporal_C] Why did Gina combine her clothing business with dance?
  [61/105] ❌ (multi-hop) [temporal_A] What does Jon's dance make him?
  [62/105] ✅ (multi-hop) [temporal_A] What did Gina receive from a dance contest?
  [63/105] ✅ (multi-hop) [temporal_A] How does Gina stay confident in her business?
  [64/105] ✅ (multi-hop) [temporal_B] What kind of professional experience did Gina get accepted for on May 23, 2023?
  [65/105] ✅ (multi-hop) [temporal_A] Where is Gina's fashion internship?
  [66/105] ✅ (multi-hop) [temporal_A] What book is Jon currently reading?
  [67/105] ✅ (multi-hop) [temporal_A] What is Jon offering to the dancers at his dance studio?
  [68/105] ❌ (multi-hop) [temporal_A] How does Jon use the clipboard with a notepad attached to it?
  [69/105] ✅ (multi-hop) [temporal_A] What does Jon tell Gina he won't do?
  [70/105] ✅ (multi-hop) [temporal_A] What did Jon take a trip to Rome for?
  [71/105] ✅ (multi-hop) [temporal_A] What is Jon working on opening?
  [72/105] ❌ (multi-hop) [temporal_A] How does Gina describe the studio that Jon has opened?
  [73/105] ✅ (multi-hop) [temporal_A] How does Jon feel about the opening night of his dance studio?
  [74/105] ❌ (multi-hop) [temporal_A] How does Gina describe the feeling that dance brings?
  [75/105] ❌ (multi-hop) [temporal_A] What does Jon plan to do at the grand opening of his dance studio?
  [76/105] ❌ (multi-hop) [temporal_A] What does Gina say to Jon about the grand opening?
  [77/105] ✅ (multi-hop) [temporal_A] What is the general sentiment about the upcoming grand opening?
  [78/105] ✅ (multi-hop) [temporal_A] What did Gina make a limited edition line of?
  [79/105] ❌ (multi-hop) [temporal_A] According to Gina, what makes Jon a perfect mentor and guide?
  [80/105] ❌ (adversarial) [adversarial_masked] What temporary job did Jon take to cover expenses?
  [81/105] ✅ (multi-hop) [temporal_C] What plans does Jon have after receiving advice at the networking event?
  [82/105] ✅ (multi-hop) [temporal_A] What offer does Gina make to Jon regarding social media?
  [83/105] ❌ (adversarial) [adversarial_masked] What is Jon's favorite style of painting?
  [84/105] ✅ (adversarial) [adversarial_masked] What was Jon's favorite dancing memory?
  [85/105] ✅ (adversarial) [adversarial_masked] What kind of dance piece did Jon's team perform to win first place?
  [86/105] ✅ (adversarial) [adversarial_masked] What is Gina's attitude towards participating in the dance festival?
  [87/105] ✅ (adversarial) [adversarial_masked] What kind of flooring is Gina looking for in her dance studio?
  [88/105] ❌ (adversarial) [adversarial_masked] What did Jon find for his clothing store on 1 February, 2023?
  [89/105] ❌ (adversarial) [adversarial_masked] What did Jon design for his store?
  [90/105] ✅ (adversarial) [adversarial_masked] What did Jon want his customers to feel in her store?
  [91/105] ✅ (adversarial) [adversarial_masked] What made Jon choose the furniture and decor for his store?
  [92/105] ✅ (adversarial) [adversarial_masked] How is Jon's store doing?
  [93/105] ✅ (adversarial) [adversarial_masked] What does Jon's tattoo symbolize?
  [94/105] ❌ (adversarial) [adversarial_masked] Why did Gina shut down her bank account?
  [95/105] ✅ (adversarial) [adversarial_masked] Why did Jon combine his clothing business with dance?
  [97/105] ✅ (adversarial) [adversarial_masked] What kind of professional experience did Jon get accepted for on May 23, 2023?
  [98/105] ❌ (adversarial) [adversarial_masked] Where is Gina's HR internship?
  [99/105] ✅ (adversarial) [adversarial_masked] Where is Jon's fashion internship?
  [100/105] ✅ (adversarial) [adversarial_masked] What book is Gina currently reading?
  [101/105] ✅ (adversarial) [adversarial_masked] How does Gina use the clipboard with a notepad attached to it?
  [102/105] ❌ (adversarial) [adversarial_masked] What did Jon take a trip to Barcelona for?
  [103/105] ✅ (adversarial) [adversarial_masked] What did Jon make a limited edition line of?
  [104/105] ✅ (adversarial) [adversarial_masked] What temporary job did Gina take to cover expenses?
  [105/105] ❌ (adversarial) [adversarial_masked] What plans does Gina have after receiving advice at the networking event?

============================================================
Processing conversation: conv-44 (Audrey & Andrew)
============================================================
Ingesting 28 sessions...
  Ingesting session_1 (1:10 pm on 27 March, 2023)...
  Ingesting session_2 (2:42 pm on 2 April, 2023)...
  Ingesting session_3 (4:19 pm on 16 April, 2023)...
  Ingesting session_4 (5:41 pm on 3 May, 2023)...
  Ingesting session_5 (10:47 am on 6 May, 2023)...
  Ingesting session_6 (2:03 pm on 11 May, 2023)...
  Ingesting session_7 (11:27 am on 2 June, 2023)...
  Ingesting session_8 (5:23 pm on 13 June, 2023)...
  Ingesting session_9 (1:51 pm on 26 June, 2023)...
  Ingesting session_10 (8:32 pm on 3 July, 2023)...
  Ingesting session_11 (9:48 am on 8 July, 2023)...
  Ingesting session_12 (10:05 am on 11 July, 2023)...
  Ingesting session_13 (3:52 pm on 27 July, 2023)...
  Ingesting session_14 (11:05 am on 4 August, 2023)...
  Ingesting session_15 (9:58 pm on 16 August, 2023)...
  Ingesting session_16 (9:19 pm on 19 August, 2023)...
  Ingesting session_17 (12:24 am on 24 August, 2023)...
  Ingesting session_18 (7:49 pm on 6 September, 2023)...
  Ingesting session_19 (5:53 pm on 24 September, 2023)...
  Ingesting session_20 (7:09 pm on 1 October, 2023)...
  Ingesting session_21 (4:18 pm on 4 October, 2023)...
  Ingesting session_22 (9:41 pm on 6 October, 2023)...
  Ingesting session_23 (4:22 pm on 13 October, 2023)...
  Ingesting session_24 (6:12 pm on 19 October, 2023)...
  Ingesting session_25 (10:14 am on 24 October, 2023)...
  Ingesting session_26 (2:36 pm on 28 October, 2023)...
  Ingesting session_27 (7:59 pm on 4 November, 2023)...
  Ingesting session_28 (9:02 am on 22 November, 2023)...
Ingestion complete. Profiles: 2, Episodes: 28
  [1/158] ✅ (temporal) [B] Which year did Audrey adopt the first three of her dogs?
  [2/158] ✅ (temporal) [B] When did Andrew start his new job as a financial analyst?
  [3/158] ❌ (single-hop) [B] What kind of indoor activities has Andrew pursued with his girlfriend?
  [4/158] ❌ (single-hop) [B] What kind of places have Andrew and his girlfriend checked out around the city?
  [5/158] ❌ (temporal) [B] When did Audrey make muffins for herself?
  [6/158] ❌ (temporal) [B] When did Audrey see a hummingbird?
  [7/158] ✅ (temporal) [B] When did Audrey adopt Pixie?
  [8/158] ✅ (temporal) [B] How many years passed between Audrey adopting Pixie and her other three dogs?
  [9/158] ✅ (temporal) [B] Did Andrew have a pet dog during March 2023?
  [10/158] ✅ (single-hop) [B] What kind of classes or groups has Audrey joined to take better care of her dogs
  [11/158] ✅ (temporal) [B] When did Audrey's positive reinforcement training course for dogs take place?
  [12/158] ✅ (temporal) [B] When did Andrew go rock climbing?
  [13/158] ❌ (single-hop) [B] What outdoor activities has Andrew done other than hiking in nature?
  [14/158] ✅ (temporal) [B] When did Audrey move to a new place?
  [15/158] ✅ (single-hop) [B] What is something that Andrew really misses while working in the city?
  [16/158] ❌ (single-hop) [multihop(A,A,C)] What is a shared frustration regarding dog ownership for Audrey and Andrew?
  [17/158] ❌ (temporal) [B] When is Andrew going to go hiking with Audrey?
  [18/158] ❌ (single-hop) [multihop(A,A,C)] How many times did Audrey and Andew plan to hike together?
  [19/158] ✅ (single-hop) [C] Where did Audrey get Pixie from?
  [20/158] ❌ (open-domain) [multihop(A,B,A,C)] What is an indoor activity that Andrew would enjoy doing while make his dog happ
  [21/158] ✅ (open-domain) [B] Which meat does Audrey prefer eating more than others?
  [22/158] ❌ (single-hop) [B] What are the classes that Audrey took for her dogs to?
  [23/158] ✅ (temporal) [B] Where did Andrew go during the first weekend of August 2023?
  [24/158] ❌ (single-hop) [multihop(A,A,B,A)] What are some problems that Andrew faces before he adopted Toby?
  [25/158] ❌ (single-hop) [C] Did Audrey and Andrew grow up with a pet dog?
  [26/158] ✅ (temporal) [B] When did Andrew and his girlfriend go fishing?
  [27/158] ✅ (single-hop) [B] What is the biggest stressor in Andrew's life besides not being able to hike fre
  [28/158] ✅ (single-hop) [B] How does Andrew feel about his current work?
  [29/158] ✅ (single-hop) [B] What is something that Audrey often dresses up her dogs with?
  [30/158] ✅ (single-hop) [B] What are the names of Audrey's dogs?
  [31/158] ✅ (temporal) [B] When is Andrew planning to go to the beach with his girlfriend?
  [32/158] ✅ (single-hop) [B] What has Andrew done with his dogs?
  [33/158] ✅ (single-hop) [B] What kind of tattoo does Audrey have on her arm?
  [34/158] ❌ (open-domain) [multihop(A,A,C)] What can Andrew potentially do to improve his stress and accomodate his living s
  [35/158] ✅ (temporal) [B] How many months passed between Andrew adopting Toby and Buddy?
  [36/158] ✅ (single-hop) [B] What are the names of Andrew's dogs?
  [37/158] ✅ (single-hop) [B] What are some foods that Audrey likes eating?
  [38/158] ✅ (temporal) [B] When did Audrey get into an accident in the park?
  [39/158] ✅ (temporal) [B] When did Andrew and his girlfriend go on a wine tasting trip?
  [40/158] ❌ (single-hop) [D] What did Audrey get wtih having so many dogs?
  [41/158] ✅ (single-hop) [B] What is a good place for dogs to run around freely and meet new friends?
  [42/158] ✅ (single-hop) [B] What are the breeds of Audrey's dogs?
  [43/158] ✅ (single-hop) [B] What technique is Audrey using to discipline her dogs?
  [44/158] ❌ (open-domain) [D] Which US state do Audrey and Andrew potentially live in?
  [45/158] ❌ (open-domain) [multihop(C,C,A,B)] Which national park could Audrey and Andrew be referring to in their conversatio
  [46/158] ✅ (temporal) [B] How many pets will Andrew have, as of December 2023?
  [47/158] ❌ (temporal) [B] How many pets did Andrew have, as of September 2023?
  [48/158] ✅ (temporal) [B] How many months passed between Andrew adopting Buddy and Scout
  [49/158] ✅ (single-hop) [B] What does Andrew view his pets as?
  [50/158] ✅ (single-hop) [B] What does Audrey view her pets as?
  [51/158] ✅ (single-hop) [B] What is a skill that Audrey learned to take care of her dogs?
  [52/158] ✅ (single-hop) [multihop(A,A,C)] What items has Audrey bought or made for her dogs?
  [53/158] ❌ (open-domain) [multihop(A,B,C,A,B,C)] What is something that Andrew could do to make birdwatching hobby to fit in his 
  [54/158] ❌ (open-domain) [multihop(A,B,A,B,A,B)] What is a career that Andrew could potentially pursue with his love for animals 
  [55/158] ✅ (single-hop) [B] What activity do Audrey's dogs like to do in the dog park?
  [56/158] ✅ (temporal) [C] When did Andrew make his dogs a fun indoor area?
  [57/158] ✅ (single-hop) [C] Has Andrew moved into a new apartment for his dogs?
  [58/158] ✅ (temporal) [B] When did Andrew adopt Scout?
  [59/158] ✅ (temporal) [B] What did Audrey eat for dinner on October 24, 2023?
  [60/158] ✅ (temporal) [B] How long has it been since Andrew adopted his first pet, as of November 2023?
  [61/158] ✅ (single-hop) [B] How many dogs does Andrew have?
  [62/158] ✅ (multi-hop) [temporal_A] Which specific type of bird mesmerizes Andrew?
  [63/158] ✅ (multi-hop) [temporal_A] What did Andrew express missing about exploring nature trails with his family's 
  [64/158] ✅ (multi-hop) [temporal_A] What kind of pastries did Andrew and his girlfriend have at the cafe?
  [65/158] ❌ (multi-hop) [temporal_A] What kind of flowers does Audrey have a tattoo of?
  [66/158] ✅ (multi-hop) [temporal_A] What does Audrey do during dog playdates in the park?
  [67/158] ✅ (multi-hop) [temporal_C] What type of dog was Andrew looking to adopt based on his living space?
  [68/158] ✅ (multi-hop) [temporal_A] Where does Andrew want to live to give their dog a large, open space to run arou
  [69/158] ✅ (multi-hop) [temporal_C] Why did Audrey sign up for a workshop about bonding with pets?
  [70/158] ✅ (multi-hop) [temporal_A] How did Audrey hear about the workshop on bonding with pets?
  [71/158] ✅ (multi-hop) [temporal_B] What type of training was the workshop Audrey signed up for in May 2023?
  [72/158] ✅ (multi-hop) [temporal_A] How did Audrey describe she dog he met at the pet store?
  [73/158] ✅ (multi-hop) [temporal_C] Why did Audrey think positive reinforcement training is important for pets?
  [74/158] ✅ (multi-hop) [temporal_A] What challenge is Andrew facing in their search for a pet?
  [75/158] ✅ (multi-hop) [temporal_A] How does Andrew feel about their search for a pet-friendly place?
  [76/158] ✅ (multi-hop) [temporal_A] What outdoor activities does Andrew plan on trying after the rock climbing class
  [77/158] ✅ (multi-hop) [temporal_A] How long does Audrey typically walk her dogs for?
  [78/158] ✅ (multi-hop) [temporal_B] What did Audrey set up in the backyard for their dogs on June 26, 2023?
  [79/158] ✅ (multi-hop) [temporal_B] What did Audrey and her friends stumble across during a hike a few years back, a
  [80/158] ✅ (multi-hop) [temporal_C] What is Audrey's favorite recipe that she shares with Andrew on 3 July, 2023?
  [81/158] ✅ (multi-hop) [temporal_C] What dish is one of Audrey's favorite dishes that includes garlic and is shared 
  [82/158] ❌ (multi-hop) [temporal_B] What did Andrew and his GF do on the Monday before July 24, 2023?
  [83/158] ✅ (multi-hop) [temporal_A] What is the name of Audrey's childhood dog?
  [84/158] ✅ (multi-hop) [temporal_A] What special memories does Audrey have with her childhood dog, Max?
  [85/158] ✅ (multi-hop) [temporal_A] What are some of the personalities of Audrey's four fur babies?
  [86/158] ✅ (multi-hop) [temporal_B] What type of classes did Audrey start with her pups recently on 4 August, 2023?
  [87/158] ✅ (multi-hop) [temporal_A] How often does Audrey take her pups to the park for practice?
  [88/158] ✅ (multi-hop) [temporal_A] How long did the trail hike that Audrey went on with her pups take?
  [89/158] ✅ (multi-hop) [temporal_C] What advice did Audrey give to Andrew regarding grooming Toby?
  [90/158] ✅ (multi-hop) [temporal_A] What is essential to keep the dogs looking good according to Audrey?
  [91/158] ✅ (multi-hop) [temporal_A] What did Audrey organize with the neighbors' dogs?
  [92/158] ✅ (multi-hop) [temporal_A] What did Audrey do to give her dogs extra comfort as the weather cooled down?
  [93/158] ✅ (multi-hop) [temporal_A] How does Audrey describe the new beds for her dogs?
  [94/158] ✅ (multi-hop) [temporal_A] How did Audrey calm down her dog after the leash incident?
  [95/158] ✅ (multi-hop) [temporal_A] How often does Audrey take her dogs for walks?
  [96/158] ✅ (multi-hop) [temporal_A] What kind of flowers does Audrey take care of?
  [97/158] ✅ (multi-hop) [temporal_A] What did Andrew learn from reading books about ecological systems?
  [98/158] ✅ (multi-hop) [temporal_A] What did Andrew suggest as a way to reduce carbon footprint?
  [99/158] ✅ (multi-hop) [temporal_A] How does Andrew suggest helping the planet while also training the body?
  [100/158] ✅ (multi-hop) [temporal_B] What did Audrey do with her pups over the weekend before 4th October, 2023?
  [101/158] ✅ (multi-hop) [temporal_A] What was the reason Audrey couldn't walk her dogs for a period of time?
  [102/158] ✅ (multi-hop) [temporal_A] What type of jewelry does Audrey make?
  [103/158] ✅ (multi-hop) [temporal_C] Why does Audrey make jewelry out of recycled objects?
  [104/158] ✅ (multi-hop) [temporal_A] What organization does Audrey donate a portion of his profits to?
  [105/158] ✅ (multi-hop) [temporal_A] How does Audrey help out the animal shelter?
  [106/158] ✅ (multi-hop) [temporal_A] What type of games do Audrey's dogs like to play at the park?
  [107/158] ✅ (multi-hop) [temporal_A] What did Audrey make to thank her neighbors?
  [108/158] ✅ (multi-hop) [temporal_A] How do Audrey's dogs react to snow?
  [109/158] ✅ (multi-hop) [temporal_A] How does Audrey describe her dogs' response to snow?
  [110/158] ✅ (multi-hop) [temporal_A] What kind of experiences are Audrey's dogs the best companions for?
  [111/158] ✅ (multi-hop) [temporal_A] What activity do Andrew and Buddy enjoy doing together?
  [112/158] ✅ (multi-hop) [temporal_A] What do Andrew and Buddy like doing on walks?
  [113/158] ✅ (multi-hop) [temporal_A] What cuisine did Andrew recently try at a new spot in town?
  [114/158] ✅ (multi-hop) [temporal_A] Which type of sushi did Audrey suggest trying first to someone new to sushi?
  [115/158] ✅ (multi-hop) [temporal_B] What type of date is Andrew going on Sunday?
  [116/158] ✅ (multi-hop) [temporal_B] What did Andrew and Audrey plan to do on the Saturday after October 28, 2023?
  [117/158] ✅ (multi-hop) [temporal_A] What aspect of autumn does Andrew find beautiful?
  [118/158] ✅ (multi-hop) [temporal_B] What did Audrey do in November 2023 to better take care of her dogs?
  [119/158] ✅ (multi-hop) [temporal_A] How often does Audrey meet up with other dog owners for tips and playdates?
  [120/158] ❌ (multi-hop) [temporal_A] What did Audrey share to show ways to keep dogs active in the city?
  [121/158] ✅ (multi-hop) [temporal_A] What type of activities does Audrey suggest for mental stimulation of the dogs?
  [122/158] ✅ (multi-hop) [temporal_C] What is Andrew planning to do with Scout, Toby, and Buddy?
  [123/158] ✅ (multi-hop) [temporal_A] What did Andrew get for Scout to create a safe and fun space for them?
  [124/158] ✅ (adversarial) [adversarial_masked] Which specific type of bird mesmerizes Audrey?
  [125/158] ❌ (adversarial) [adversarial_masked] What kind of flowers does Andrew have a tattoo of?
  [126/158] ✅ (adversarial) [adversarial_masked] What type of dog was Audrey looking to adopt based on her living space?
  [127/158] ❌ (adversarial) [adversarial_masked] Why did Audrey sign up for a workshop about car maintenance?
  [128/158] ✅ (adversarial) [adversarial_masked] How did Andrew hear about the workshop on bonding with pets?
  [129/158] ✅ (adversarial) [adversarial_masked] What type of training was the workshop Andrew signed up for in May 2023?
  [130/158] ✅ (adversarial) [adversarial_masked] How did Andrew describe the dog he met at the pet store?
  [131/158] ✅ (adversarial) [adversarial_masked] What challenge is Audrey facing in their search for a pet?
  [132/158] ✅ (adversarial) [adversarial_masked] What indoor activities does Andrew plan on trying after the rock climbing class?
  [133/158] ✅ (adversarial) [adversarial_masked] What did Andrew set up in the backyard for their dogs on June 26, 2023?
  [134/158] ❌ (adversarial) [adversarial_masked] What did Audrey and her GF do on the Monday before July 24, 2023?
  [135/158] ✅ (adversarial) [adversarial_masked] What is the name of Andrew's childhood dog?
  [136/158] ✅ (adversarial) [adversarial_masked] What special memories does Andrew have with his childhood dog, Max?
  [137/158] ✅ (adversarial) [adversarial_masked] What are some of the personalities of Andrew's four fur babies?
  [138/158] ✅ (adversarial) [adversarial_masked] What type of classes did Andrew start with his pups recently on 4 August, 2023?
  [139/158] ✅ (adversarial) [adversarial_masked] What is essential to keep the dogs looking good according to Andrew?
  [140/158] ✅ (adversarial) [adversarial_masked] What did Audrey organize with the neighbors' cats?
  [141/158] ✅ (adversarial) [adversarial_masked] What did Andrew do to give his dogs extra comfort as the weather cooled down?
  [142/158] ✅ (adversarial) [adversarial_masked] How does Andrew describe the new beds for his dogs?
  [143/158] ✅ (adversarial) [adversarial_masked] How did Andrew calm down his dog after the leash incident?
  [144/158] ✅ (adversarial) [adversarial_masked] How often does Andrew take his dogs for walks?
  [145/158] ❌ (adversarial) [adversarial_masked] What kind of vegetables does Audrey take care of?
  [146/158] ❌ (adversarial) [adversarial_masked] What did Andrew learn from reading books about economic systems?
  [147/158] ✅ (adversarial) [adversarial_masked] What was the reason Andrew couldn't walk his dogs for a period of time?
  [148/158] ✅ (adversarial) [adversarial_masked] What type of jewelry does Andrew make?
  [149/158] ✅ (adversarial) [adversarial_masked] Why does Andrew make jewelry out of recycled objects?
  [150/158] ✅ (adversarial) [adversarial_masked] What type of games do Andrew's dogs like to play at the park?
  [151/158] ✅ (adversarial) [adversarial_masked] What did Andrew make to thank his neighbors?
  [152/158] ❌ (adversarial) [adversarial_masked] How do Andrew's dogs react to snow?
  [153/158] ✅ (adversarial) [adversarial_masked] How does Andrew describe his dogs' response to snow?
  [154/158] ❌ (adversarial) [adversarial_masked] What kind of experiences are Audrey's cats the best companions for?
  [155/158] ✅ (adversarial) [adversarial_masked] What activity do Audrey and Buddy enjoy doing together?
  [156/158] ❌ (adversarial) [adversarial_masked] What type of drink did Andrew recently try at a new spot in town?
  [157/158] ✅ (adversarial) [adversarial_masked] Which type of pizza did Audrey suggest trying first to someone new to Italian cu
  [158/158] ✅ (adversarial) [adversarial_masked] How often does Andrew meet up with other dog owners for tips and playdates?

============================================================
RESULTS SUMMARY
============================================================
Overall: 376/461 (81.6%)

Per Category:
  adversarial: 85/105 (81.0%)
  multi-hop: 148/176 (84.1%)
  open-domain: 10/20 (50.0%)
  single-hop: 53/73 (72.6%)
  temporal: 80/87 (92.0%)

Strategy Distribution:
  A: 3
  B: 141
  C: 10
  D: 5
  adversarial_masked: 105
  multihop(A,A,A): 1
  multihop(A,A,B,A): 1
  multihop(A,A,C): 7
  multihop(A,B,A): 1
  multihop(A,B,A,B,A,B): 1
  multihop(A,B,A,C): 2
  multihop(A,B,C,A,B,C): 1
  multihop(A,B,C,A,B,C,A,B,C): 1
  multihop(A,C,C): 3
  multihop(C,A,A): 1
  multihop(C,A,C): 1
  multihop(C,C,A,B): 1
  temporal_A: 134
  temporal_B: 22
  temporal_C: 20

Results saved to results/run9_v5
